# project ns (3.26) configured on Fri Oct 11 03:43:31 2019 by
# waf 1.8.19 (abi 98, python 2070ff0 on linux2)
# using waf configure --with-pybindgen ../pybindgen-0.17.0.post57+nga6376f2
#
----------------------------------------
Setting top to
/home/hans/Repos/Q2routing/eq2-routing/clone_repo_TH/ns-3.26
----------------------------------------
Setting out to
/home/hans/Repos/Q2routing/eq2-routing/clone_repo_TH/ns-3.26/build
----------------------------------------
Checking for 'gcc' (C compiler)
find program=['gcc', 'cc'] paths=['/usr/local/sbin', '/usr/local/bin', '/usr/sbin', '/usr/bin', '/sbin', '/bin', '/usr/games', '/usr/local/games', '/snap/bin'] var='CC' -> ['/usr/bin/gcc']
['/usr/bin/gcc', '-dM', '-E', '-']
out: #define __SSP_STRONG__ 3
#define __DBL_MIN_EXP__ (-1021)
#define __FLT32X_MAX_EXP__ 1024
#define __UINT_LEAST16_MAX__ 0xffff
#define __ATOMIC_ACQUIRE 2
#define __FLT128_MAX_10_EXP__ 4932
#define __FLT_MIN__ 1.17549435082228750796873653722224568e-38F
#define __GCC_IEC_559_COMPLEX 2
#define __UINT_LEAST8_TYPE__ unsigned char
#define __SIZEOF_FLOAT80__ 16
#define __INTMAX_C(c) c ## L
#define __CHAR_BIT__ 8
#define __UINT8_MAX__ 0xff
#define __WINT_MAX__ 0xffffffffU
#define __FLT32_MIN_EXP__ (-125)
#define __ORDER_LITTLE_ENDIAN__ 1234
#define __SIZE_MAX__ 0xffffffffffffffffUL
#define __WCHAR_MAX__ 0x7fffffff
#define __GCC_HAVE_SYNC_COMPARE_AND_SWAP_1 1
#define __GCC_HAVE_SYNC_COMPARE_AND_SWAP_2 1
#define __GCC_HAVE_SYNC_COMPARE_AND_SWAP_4 1
#define __DBL_DENORM_MIN__ ((double)4.94065645841246544176568792868221372e-324L)
#define __GCC_HAVE_SYNC_COMPARE_AND_SWAP_8 1
#define __GCC_ATOMIC_CHAR_LOCK_FREE 2
#define __GCC_IEC_559 2
#define __FLT32X_DECIMAL_DIG__ 17
#define __FLT_EVAL_METHOD__ 0
#define __unix__ 1
#define __FLT64_DECIMAL_DIG__ 17
#define __GCC_ATOMIC_CHAR32_T_LOCK_FREE 2
#define __x86_64 1
#define __UINT_FAST64_MAX__ 0xffffffffffffffffUL
#define __SIG_ATOMIC_TYPE__ int
#define __DBL_MIN_10_EXP__ (-307)
#define __FINITE_MATH_ONLY__ 0
#define __GNUC_PATCHLEVEL__ 0
#define __FLT32_HAS_DENORM__ 1
#define __UINT_FAST8_MAX__ 0xff
#define __has_include(STR) __has_include__(STR)
#define __DEC64_MAX_EXP__ 385
#define __INT8_C(c) c
#define __INT_LEAST8_WIDTH__ 8
#define __UINT_LEAST64_MAX__ 0xffffffffffffffffUL
#define __SHRT_MAX__ 0x7fff
#define __LDBL_MAX__ 1.18973149535723176502126385303097021e+4932L
#define __FLT64X_MAX_10_EXP__ 4932
#define __UINT_LEAST8_MAX__ 0xff
#define __GCC_ATOMIC_BOOL_LOCK_FREE 2
#define __FLT128_DENORM_MIN__ 6.47517511943802511092443895822764655e-4966F128
#define __UINTMAX_TYPE__ long unsigned int
#define __linux 1
#define __DEC32_EPSILON__ 1E-6DF
#define __FLT_EVAL_METHOD_TS_18661_3__ 0
#define __unix 1
#define __UINT32_MAX__ 0xffffffffU
#define __LDBL_MAX_EXP__ 16384
#define __FLT128_MIN_EXP__ (-16381)
#define __WINT_MIN__ 0U
#define __linux__ 1
#define __FLT128_MIN_10_EXP__ (-4931)
#define __INT_LEAST16_WIDTH__ 16
#define __SCHAR_MAX__ 0x7f
#define __FLT128_MANT_DIG__ 113
#define __WCHAR_MIN__ (-__WCHAR_MAX__ - 1)
#define __INT64_C(c) c ## L
#define __DBL_DIG__ 15
#define __GCC_ATOMIC_POINTER_LOCK_FREE 2
#define __FLT64X_MANT_DIG__ 64
#define __SIZEOF_INT__ 4
#define __SIZEOF_POINTER__ 8
#define __USER_LABEL_PREFIX__ 
#define __FLT64X_EPSILON__ 1.08420217248550443400745280086994171e-19F64x
#define __STDC_HOSTED__ 1
#define __LDBL_HAS_INFINITY__ 1
#define __FLT32_DIG__ 6
#define __FLT_EPSILON__ 1.19209289550781250000000000000000000e-7F
#define __SHRT_WIDTH__ 16
#define __LDBL_MIN__ 3.36210314311209350626267781732175260e-4932L
#define __STDC_UTF_16__ 1
#define __DEC32_MAX__ 9.999999E96DF
#define __FLT64X_DENORM_MIN__ 3.64519953188247460252840593361941982e-4951F64x
#define __FLT32X_HAS_INFINITY__ 1
#define __INT32_MAX__ 0x7fffffff
#define __INT_WIDTH__ 32
#define __SIZEOF_LONG__ 8
#define __STDC_IEC_559__ 1
#define __STDC_ISO_10646__ 201706L
#define __UINT16_C(c) c
#define __PTRDIFF_WIDTH__ 64
#define __DECIMAL_DIG__ 21
#define __FLT64_EPSILON__ 2.22044604925031308084726333618164062e-16F64
#define __gnu_linux__ 1
#define __INTMAX_WIDTH__ 64
#define __has_include_next(STR) __has_include_next__(STR)
#define __FLT64X_MIN_10_EXP__ (-4931)
#define __LDBL_HAS_QUIET_NAN__ 1
#define __FLT64_MANT_DIG__ 53
#define __GNUC__ 8
#define __pie__ 2
#define __MMX__ 1
#define __FLT_HAS_DENORM__ 1
#define __SIZEOF_LONG_DOUBLE__ 16
#define __BIGGEST_ALIGNMENT__ 16
#define __FLT64_MAX_10_EXP__ 308
#define __DBL_MAX__ ((double)1.79769313486231570814527423731704357e+308L)
#define __INT_FAST32_MAX__ 0x7fffffffffffffffL
#define __DBL_HAS_INFINITY__ 1
#define __DEC32_MIN_EXP__ (-94)
#define __INTPTR_WIDTH__ 64
#define __FLT32X_HAS_DENORM__ 1
#define __INT_FAST16_TYPE__ long int
#define __LDBL_HAS_DENORM__ 1
#define __FLT128_HAS_INFINITY__ 1
#define __DEC128_MAX__ 9.999999999999999999999999999999999E6144DL
#define __INT_LEAST32_MAX__ 0x7fffffff
#define __DEC32_MIN__ 1E-95DF
#define __DBL_MAX_EXP__ 1024
#define __WCHAR_WIDTH__ 32
#define __FLT32_MAX__ 3.40282346638528859811704183484516925e+38F32
#define __DEC128_EPSILON__ 1E-33DL
#define __SSE2_MATH__ 1
#define __ATOMIC_HLE_RELEASE 131072
#define __PTRDIFF_MAX__ 0x7fffffffffffffffL
#define __amd64 1
#define __STDC_NO_THREADS__ 1
#define __ATOMIC_HLE_ACQUIRE 65536
#define __FLT32_HAS_QUIET_NAN__ 1
#define __LONG_LONG_MAX__ 0x7fffffffffffffffLL
#define __SIZEOF_SIZE_T__ 8
#define __FLT64X_MIN_EXP__ (-16381)
#define __SIZEOF_WINT_T__ 4
#define __LONG_LONG_WIDTH__ 64
#define __FLT32_MAX_EXP__ 128
#define __GCC_HAVE_DWARF2_CFI_ASM 1
#define __GXX_ABI_VERSION 1013
#define __FLT_MIN_EXP__ (-125)
#define __FLT64X_HAS_QUIET_NAN__ 1
#define __INT_FAST64_TYPE__ long int
#define __FLT64_DENORM_MIN__ 4.94065645841246544176568792868221372e-324F64
#define __DBL_MIN__ ((double)2.22507385850720138309023271733240406e-308L)
#define __PIE__ 2
#define __LP64__ 1
#define __FLT32X_EPSILON__ 2.22044604925031308084726333618164062e-16F32x
#define __DECIMAL_BID_FORMAT__ 1
#define __FLT64_MIN_EXP__ (-1021)
#define __FLT64_MIN_10_EXP__ (-307)
#define __FLT64X_DECIMAL_DIG__ 21
#define __DEC128_MIN__ 1E-6143DL
#define __REGISTER_PREFIX__ 
#define __UINT16_MAX__ 0xffff
#define __DBL_HAS_DENORM__ 1
#define __FLT32_MIN__ 1.17549435082228750796873653722224568e-38F32
#define __UINT8_TYPE__ unsigned char
#define __NO_INLINE__ 1
#define __FLT_MANT_DIG__ 24
#define __LDBL_DECIMAL_DIG__ 21
#define __VERSION__ "8.3.0"
#define __UINT64_C(c) c ## UL
#define _STDC_PREDEF_H 1
#define __GCC_ATOMIC_INT_LOCK_FREE 2
#define __FLT128_MAX_EXP__ 16384
#define __FLT32_MANT_DIG__ 24
#define __FLOAT_WORD_ORDER__ __ORDER_LITTLE_ENDIAN__
#define __STDC_IEC_559_COMPLEX__ 1
#define __FLT128_HAS_DENORM__ 1
#define __FLT128_DIG__ 33
#define __SCHAR_WIDTH__ 8
#define __INT32_C(c) c
#define __DEC64_EPSILON__ 1E-15DD
#define __ORDER_PDP_ENDIAN__ 3412
#define __DEC128_MIN_EXP__ (-6142)
#define __FLT32_MAX_10_EXP__ 38
#define __INT_FAST32_TYPE__ long int
#define __UINT_LEAST16_TYPE__ short unsigned int
#define __FLT64X_HAS_INFINITY__ 1
#define unix 1
#define __INT16_MAX__ 0x7fff
#define __SIZE_TYPE__ long unsigned int
#define __UINT64_MAX__ 0xffffffffffffffffUL
#define __FLT64X_DIG__ 18
#define __INT8_TYPE__ signed char
#define __ELF__ 1
#define __GCC_ASM_FLAG_OUTPUTS__ 1
#define __FLT_RADIX__ 2
#define __INT_LEAST16_TYPE__ short int
#define __LDBL_EPSILON__ 1.08420217248550443400745280086994171e-19L
#define __UINTMAX_C(c) c ## UL
#define __SSE_MATH__ 1
#define __k8 1
#define __SIG_ATOMIC_MAX__ 0x7fffffff
#define __GCC_ATOMIC_WCHAR_T_LOCK_FREE 2
#define __SIZEOF_PTRDIFF_T__ 8
#define __FLT32X_MANT_DIG__ 53
#define __x86_64__ 1
#define __FLT32X_MIN_EXP__ (-1021)
#define __DEC32_SUBNORMAL_MIN__ 0.000001E-95DF
#define __INT_FAST16_MAX__ 0x7fffffffffffffffL
#define __FLT64_DIG__ 15
#define __UINT_FAST32_MAX__ 0xffffffffffffffffUL
#define __UINT_LEAST64_TYPE__ long unsigned int
#define __FLT_HAS_QUIET_NAN__ 1
#define __FLT_MAX_10_EXP__ 38
#define __LONG_MAX__ 0x7fffffffffffffffL
#define __FLT64X_HAS_DENORM__ 1
#define __DEC128_SUBNORMAL_MIN__ 0.000000000000000000000000000000001E-6143DL
#define __FLT_HAS_INFINITY__ 1
#define __UINT_FAST16_TYPE__ long unsigned int
#define __DEC64_MAX__ 9.999999999999999E384DD
#define __INT_FAST32_WIDTH__ 64
#define __CHAR16_TYPE__ short unsigned int
#define __PRAGMA_REDEFINE_EXTNAME 1
#define __SIZE_WIDTH__ 64
#define __SEG_FS 1
#define __INT_LEAST16_MAX__ 0x7fff
#define __DEC64_MANT_DIG__ 16
#define __INT64_MAX__ 0x7fffffffffffffffL
#define __UINT_LEAST32_MAX__ 0xffffffffU
#define __SEG_GS 1
#define __FLT32_DENORM_MIN__ 1.40129846432481707092372958328991613e-45F32
#define __GCC_ATOMIC_LONG_LOCK_FREE 2
#define __SIG_ATOMIC_WIDTH__ 32
#define __INT_LEAST64_TYPE__ long int
#define __INT16_TYPE__ short int
#define __INT_LEAST8_TYPE__ signed char
#define __STDC_VERSION__ 201710L
#define __DEC32_MAX_EXP__ 97
#define __INT_FAST8_MAX__ 0x7f
#define __FLT128_MAX__ 1.18973149535723176508575932662800702e+4932F128
#define __INTPTR_MAX__ 0x7fffffffffffffffL
#define linux 1
#define __FLT64_HAS_QUIET_NAN__ 1
#define __FLT32_MIN_10_EXP__ (-37)
#define __SSE2__ 1
#define __FLT32X_DIG__ 15
#define __LDBL_MANT_DIG__ 64
#define __DBL_HAS_QUIET_NAN__ 1
#define __FLT64_HAS_INFINITY__ 1
#define __FLT64X_MAX__ 1.18973149535723176502126385303097021e+4932F64x
#define __SIG_ATOMIC_MIN__ (-__SIG_ATOMIC_MAX__ - 1)
#define __code_model_small__ 1
#define __k8__ 1
#define __INTPTR_TYPE__ long int
#define __UINT16_TYPE__ short unsigned int
#define __WCHAR_TYPE__ int
#define __SIZEOF_FLOAT__ 4
#define __pic__ 2
#define __UINTPTR_MAX__ 0xffffffffffffffffUL
#define __INT_FAST64_WIDTH__ 64
#define __DEC64_MIN_EXP__ (-382)
#define __FLT32_DECIMAL_DIG__ 9
#define __INT_FAST64_MAX__ 0x7fffffffffffffffL
#define __GCC_ATOMIC_TEST_AND_SET_TRUEVAL 1
#define __FLT_DIG__ 6
#define __FLT32_HAS_INFINITY__ 1
#define __FLT64X_MAX_EXP__ 16384
#define __UINT_FAST64_TYPE__ long unsigned int
#define __INT_MAX__ 0x7fffffff
#define __amd64__ 1
#define __INT64_TYPE__ long int
#define __FLT_MAX_EXP__ 128
#define __ORDER_BIG_ENDIAN__ 4321
#define __DBL_MANT_DIG__ 53
#define __SIZEOF_FLOAT128__ 16
#define __INT_LEAST64_MAX__ 0x7fffffffffffffffL
#define __GCC_ATOMIC_CHAR16_T_LOCK_FREE 2
#define __DEC64_MIN__ 1E-383DD
#define __WINT_TYPE__ unsigned int
#define __UINT_LEAST32_TYPE__ unsigned int
#define __SIZEOF_SHORT__ 2
#define __SSE__ 1
#define __LDBL_MIN_EXP__ (-16381)
#define __FLT64_MAX__ 1.79769313486231570814527423731704357e+308F64
#define __WINT_WIDTH__ 32
#define __INT_LEAST8_MAX__ 0x7f
#define __FLT32X_MAX_10_EXP__ 308
#define __SIZEOF_INT128__ 16
#define __LDBL_MAX_10_EXP__ 4932
#define __ATOMIC_RELAXED 0
#define __DBL_EPSILON__ ((double)2.22044604925031308084726333618164062e-16L)
#define __FLT128_MIN__ 3.36210314311209350626267781732175260e-4932F128
#define _LP64 1
#define __UINT8_C(c) c
#define __FLT64_MAX_EXP__ 1024
#define __INT_LEAST32_TYPE__ int
#define __SIZEOF_WCHAR_T__ 4
#define __UINT64_TYPE__ long unsigned int
#define __FLT128_HAS_QUIET_NAN__ 1
#define __INT_FAST8_TYPE__ signed char
#define __FLT64X_MIN__ 3.36210314311209350626267781732175260e-4932F64x
#define __GNUC_STDC_INLINE__ 1
#define __FLT64_HAS_DENORM__ 1
#define __FLT32_EPSILON__ 1.19209289550781250000000000000000000e-7F32
#define __DBL_DECIMAL_DIG__ 17
#define __STDC_UTF_32__ 1
#define __INT_FAST8_WIDTH__ 8
#define __FXSR__ 1
#define __DEC_EVAL_METHOD__ 2
#define __FLT32X_MAX__ 1.79769313486231570814527423731704357e+308F32x
#define __UINT32_C(c) c ## U
#define __INTMAX_MAX__ 0x7fffffffffffffffL
#define __BYTE_ORDER__ __ORDER_LITTLE_ENDIAN__
#define __FLT_DENORM_MIN__ 1.40129846432481707092372958328991613e-45F
#define __INT8_MAX__ 0x7f
#define __LONG_WIDTH__ 64
#define __PIC__ 2
#define __UINT_FAST32_TYPE__ long unsigned int
#define __CHAR32_TYPE__ unsigned int
#define __FLT_MAX__ 3.40282346638528859811704183484516925e+38F
#define __INT32_TYPE__ int
#define __SIZEOF_DOUBLE__ 8
#define __FLT_MIN_10_EXP__ (-37)
#define __FLT64_MIN__ 2.22507385850720138309023271733240406e-308F64
#define __INT_LEAST32_WIDTH__ 32
#define __INTMAX_TYPE__ long int
#define __DEC128_MAX_EXP__ 6145
#define __FLT32X_HAS_QUIET_NAN__ 1
#define __ATOMIC_CONSUME 1
#define __GNUC_MINOR__ 3
#define __INT_FAST16_WIDTH__ 64
#define __UINTMAX_MAX__ 0xffffffffffffffffUL
#define __DEC32_MANT_DIG__ 7
#define __FLT32X_DENORM_MIN__ 4.94065645841246544176568792868221372e-324F32x
#define __DBL_MAX_10_EXP__ 308
#define __LDBL_DENORM_MIN__ 3.64519953188247460252840593361941982e-4951L
#define __INT16_C(c) c
#define __STDC__ 1
#define __PTRDIFF_TYPE__ long int
#define __ATOMIC_SEQ_CST 5
#define __UINT32_TYPE__ unsigned int
#define __FLT32X_MIN_10_EXP__ (-307)
#define __UINTPTR_TYPE__ long unsigned int
#define __DEC64_SUBNORMAL_MIN__ 0.000000000000001E-383DD
#define __DEC128_MANT_DIG__ 34
#define __LDBL_MIN_10_EXP__ (-4931)
#define __FLT128_EPSILON__ 1.92592994438723585305597794258492732e-34F128
#define __SIZEOF_LONG_LONG__ 8
#define __FLT128_DECIMAL_DIG__ 36
#define __GCC_ATOMIC_LLONG_LOCK_FREE 2
#define __FLT32X_MIN__ 2.22507385850720138309023271733240406e-308F32x
#define __LDBL_DIG__ 18
#define __FLT_DECIMAL_DIG__ 9
#define __UINT_FAST16_MAX__ 0xffffffffffffffffUL
#define __GCC_ATOMIC_SHORT_LOCK_FREE 2
#define __INT_LEAST64_WIDTH__ 64
#define __UINT_FAST8_TYPE__ unsigned char
#define __ATOMIC_ACQ_REL 4
#define __ATOMIC_RELEASE 3

find program=['ar'] paths=['/usr/local/sbin', '/usr/local/bin', '/usr/sbin', '/usr/bin', '/sbin', '/bin', '/usr/games', '/usr/local/games', '/snap/bin'] var='AR' -> ['/usr/bin/ar']
/usr/bin/gcc
----------------------------------------
Checking for cc version
8.3.0
----------------------------------------
Checking for 'g++' (C++ compiler)
find program=['g++', 'c++'] paths=['/usr/local/sbin', '/usr/local/bin', '/usr/sbin', '/usr/bin', '/sbin', '/bin', '/usr/games', '/usr/local/games', '/snap/bin'] var='CXX' -> ['/usr/bin/g++']
['/usr/bin/g++', '-dM', '-E', '-']
out: #define __SSP_STRONG__ 3
#define __DBL_MIN_EXP__ (-1021)
#define __FLT32X_MAX_EXP__ 1024
#define __UINT_LEAST16_MAX__ 0xffff
#define __ATOMIC_ACQUIRE 2
#define __FLT128_MAX_10_EXP__ 4932
#define __FLT_MIN__ 1.17549435082228750796873653722224568e-38F
#define __GCC_IEC_559_COMPLEX 2
#define __UINT_LEAST8_TYPE__ unsigned char
#define __SIZEOF_FLOAT80__ 16
#define __INTMAX_C(c) c ## L
#define __CHAR_BIT__ 8
#define __UINT8_MAX__ 0xff
#define __WINT_MAX__ 0xffffffffU
#define __FLT32_MIN_EXP__ (-125)
#define __ORDER_LITTLE_ENDIAN__ 1234
#define __SIZE_MAX__ 0xffffffffffffffffUL
#define __WCHAR_MAX__ 0x7fffffff
#define __GCC_HAVE_SYNC_COMPARE_AND_SWAP_1 1
#define __GCC_HAVE_SYNC_COMPARE_AND_SWAP_2 1
#define __GCC_HAVE_SYNC_COMPARE_AND_SWAP_4 1
#define __DBL_DENORM_MIN__ ((double)4.94065645841246544176568792868221372e-324L)
#define __GCC_HAVE_SYNC_COMPARE_AND_SWAP_8 1
#define __GCC_ATOMIC_CHAR_LOCK_FREE 2
#define __GCC_IEC_559 2
#define __FLT32X_DECIMAL_DIG__ 17
#define __FLT_EVAL_METHOD__ 0
#define __unix__ 1
#define __FLT64_DECIMAL_DIG__ 17
#define __GCC_ATOMIC_CHAR32_T_LOCK_FREE 2
#define __x86_64 1
#define __UINT_FAST64_MAX__ 0xffffffffffffffffUL
#define __SIG_ATOMIC_TYPE__ int
#define __DBL_MIN_10_EXP__ (-307)
#define __FINITE_MATH_ONLY__ 0
#define __GNUC_PATCHLEVEL__ 0
#define __FLT32_HAS_DENORM__ 1
#define __UINT_FAST8_MAX__ 0xff
#define __has_include(STR) __has_include__(STR)
#define __DEC64_MAX_EXP__ 385
#define __INT8_C(c) c
#define __INT_LEAST8_WIDTH__ 8
#define __UINT_LEAST64_MAX__ 0xffffffffffffffffUL
#define __SHRT_MAX__ 0x7fff
#define __LDBL_MAX__ 1.18973149535723176502126385303097021e+4932L
#define __FLT64X_MAX_10_EXP__ 4932
#define __UINT_LEAST8_MAX__ 0xff
#define __GCC_ATOMIC_BOOL_LOCK_FREE 2
#define __FLT128_DENORM_MIN__ 6.47517511943802511092443895822764655e-4966F128
#define __UINTMAX_TYPE__ long unsigned int
#define __linux 1
#define __DEC32_EPSILON__ 1E-6DF
#define __FLT_EVAL_METHOD_TS_18661_3__ 0
#define __unix 1
#define __UINT32_MAX__ 0xffffffffU
#define __LDBL_MAX_EXP__ 16384
#define __FLT128_MIN_EXP__ (-16381)
#define __WINT_MIN__ 0U
#define __linux__ 1
#define __FLT128_MIN_10_EXP__ (-4931)
#define __INT_LEAST16_WIDTH__ 16
#define __SCHAR_MAX__ 0x7f
#define __FLT128_MANT_DIG__ 113
#define __WCHAR_MIN__ (-__WCHAR_MAX__ - 1)
#define __INT64_C(c) c ## L
#define __DBL_DIG__ 15
#define __GCC_ATOMIC_POINTER_LOCK_FREE 2
#define __FLT64X_MANT_DIG__ 64
#define __SIZEOF_INT__ 4
#define __SIZEOF_POINTER__ 8
#define __USER_LABEL_PREFIX__ 
#define __FLT64X_EPSILON__ 1.08420217248550443400745280086994171e-19F64x
#define __STDC_HOSTED__ 1
#define __LDBL_HAS_INFINITY__ 1
#define __FLT32_DIG__ 6
#define __FLT_EPSILON__ 1.19209289550781250000000000000000000e-7F
#define __SHRT_WIDTH__ 16
#define __LDBL_MIN__ 3.36210314311209350626267781732175260e-4932L
#define __STDC_UTF_16__ 1
#define __DEC32_MAX__ 9.999999E96DF
#define __FLT64X_DENORM_MIN__ 3.64519953188247460252840593361941982e-4951F64x
#define __FLT32X_HAS_INFINITY__ 1
#define __INT32_MAX__ 0x7fffffff
#define __INT_WIDTH__ 32
#define __SIZEOF_LONG__ 8
#define __STDC_IEC_559__ 1
#define __STDC_ISO_10646__ 201706L
#define __UINT16_C(c) c
#define __PTRDIFF_WIDTH__ 64
#define __DECIMAL_DIG__ 21
#define __FLT64_EPSILON__ 2.22044604925031308084726333618164062e-16F64
#define __gnu_linux__ 1
#define __INTMAX_WIDTH__ 64
#define __has_include_next(STR) __has_include_next__(STR)
#define __FLT64X_MIN_10_EXP__ (-4931)
#define __LDBL_HAS_QUIET_NAN__ 1
#define __FLT64_MANT_DIG__ 53
#define __GNUC__ 8
#define __pie__ 2
#define __MMX__ 1
#define __FLT_HAS_DENORM__ 1
#define __SIZEOF_LONG_DOUBLE__ 16
#define __BIGGEST_ALIGNMENT__ 16
#define __FLT64_MAX_10_EXP__ 308
#define __DBL_MAX__ ((double)1.79769313486231570814527423731704357e+308L)
#define __INT_FAST32_MAX__ 0x7fffffffffffffffL
#define __DBL_HAS_INFINITY__ 1
#define __DEC32_MIN_EXP__ (-94)
#define __INTPTR_WIDTH__ 64
#define __FLT32X_HAS_DENORM__ 1
#define __INT_FAST16_TYPE__ long int
#define __LDBL_HAS_DENORM__ 1
#define __FLT128_HAS_INFINITY__ 1
#define __DEC128_MAX__ 9.999999999999999999999999999999999E6144DL
#define __INT_LEAST32_MAX__ 0x7fffffff
#define __DEC32_MIN__ 1E-95DF
#define __DBL_MAX_EXP__ 1024
#define __WCHAR_WIDTH__ 32
#define __FLT32_MAX__ 3.40282346638528859811704183484516925e+38F32
#define __DEC128_EPSILON__ 1E-33DL
#define __SSE2_MATH__ 1
#define __ATOMIC_HLE_RELEASE 131072
#define __PTRDIFF_MAX__ 0x7fffffffffffffffL
#define __amd64 1
#define __STDC_NO_THREADS__ 1
#define __ATOMIC_HLE_ACQUIRE 65536
#define __FLT32_HAS_QUIET_NAN__ 1
#define __LONG_LONG_MAX__ 0x7fffffffffffffffLL
#define __SIZEOF_SIZE_T__ 8
#define __FLT64X_MIN_EXP__ (-16381)
#define __SIZEOF_WINT_T__ 4
#define __LONG_LONG_WIDTH__ 64
#define __FLT32_MAX_EXP__ 128
#define __GCC_HAVE_DWARF2_CFI_ASM 1
#define __GXX_ABI_VERSION 1013
#define __FLT_MIN_EXP__ (-125)
#define __FLT64X_HAS_QUIET_NAN__ 1
#define __INT_FAST64_TYPE__ long int
#define __FLT64_DENORM_MIN__ 4.94065645841246544176568792868221372e-324F64
#define __DBL_MIN__ ((double)2.22507385850720138309023271733240406e-308L)
#define __PIE__ 2
#define __LP64__ 1
#define __FLT32X_EPSILON__ 2.22044604925031308084726333618164062e-16F32x
#define __DECIMAL_BID_FORMAT__ 1
#define __FLT64_MIN_EXP__ (-1021)
#define __FLT64_MIN_10_EXP__ (-307)
#define __FLT64X_DECIMAL_DIG__ 21
#define __DEC128_MIN__ 1E-6143DL
#define __REGISTER_PREFIX__ 
#define __UINT16_MAX__ 0xffff
#define __DBL_HAS_DENORM__ 1
#define __FLT32_MIN__ 1.17549435082228750796873653722224568e-38F32
#define __UINT8_TYPE__ unsigned char
#define __NO_INLINE__ 1
#define __FLT_MANT_DIG__ 24
#define __LDBL_DECIMAL_DIG__ 21
#define __VERSION__ "8.3.0"
#define __UINT64_C(c) c ## UL
#define _STDC_PREDEF_H 1
#define __GCC_ATOMIC_INT_LOCK_FREE 2
#define __FLT128_MAX_EXP__ 16384
#define __FLT32_MANT_DIG__ 24
#define __FLOAT_WORD_ORDER__ __ORDER_LITTLE_ENDIAN__
#define __STDC_IEC_559_COMPLEX__ 1
#define __FLT128_HAS_DENORM__ 1
#define __FLT128_DIG__ 33
#define __SCHAR_WIDTH__ 8
#define __INT32_C(c) c
#define __DEC64_EPSILON__ 1E-15DD
#define __ORDER_PDP_ENDIAN__ 3412
#define __DEC128_MIN_EXP__ (-6142)
#define __FLT32_MAX_10_EXP__ 38
#define __INT_FAST32_TYPE__ long int
#define __UINT_LEAST16_TYPE__ short unsigned int
#define __FLT64X_HAS_INFINITY__ 1
#define unix 1
#define __INT16_MAX__ 0x7fff
#define __SIZE_TYPE__ long unsigned int
#define __UINT64_MAX__ 0xffffffffffffffffUL
#define __FLT64X_DIG__ 18
#define __INT8_TYPE__ signed char
#define __ELF__ 1
#define __GCC_ASM_FLAG_OUTPUTS__ 1
#define __FLT_RADIX__ 2
#define __INT_LEAST16_TYPE__ short int
#define __LDBL_EPSILON__ 1.08420217248550443400745280086994171e-19L
#define __UINTMAX_C(c) c ## UL
#define __SSE_MATH__ 1
#define __k8 1
#define __SIG_ATOMIC_MAX__ 0x7fffffff
#define __GCC_ATOMIC_WCHAR_T_LOCK_FREE 2
#define __SIZEOF_PTRDIFF_T__ 8
#define __FLT32X_MANT_DIG__ 53
#define __x86_64__ 1
#define __FLT32X_MIN_EXP__ (-1021)
#define __DEC32_SUBNORMAL_MIN__ 0.000001E-95DF
#define __INT_FAST16_MAX__ 0x7fffffffffffffffL
#define __FLT64_DIG__ 15
#define __UINT_FAST32_MAX__ 0xffffffffffffffffUL
#define __UINT_LEAST64_TYPE__ long unsigned int
#define __FLT_HAS_QUIET_NAN__ 1
#define __FLT_MAX_10_EXP__ 38
#define __LONG_MAX__ 0x7fffffffffffffffL
#define __FLT64X_HAS_DENORM__ 1
#define __DEC128_SUBNORMAL_MIN__ 0.000000000000000000000000000000001E-6143DL
#define __FLT_HAS_INFINITY__ 1
#define __UINT_FAST16_TYPE__ long unsigned int
#define __DEC64_MAX__ 9.999999999999999E384DD
#define __INT_FAST32_WIDTH__ 64
#define __CHAR16_TYPE__ short unsigned int
#define __PRAGMA_REDEFINE_EXTNAME 1
#define __SIZE_WIDTH__ 64
#define __SEG_FS 1
#define __INT_LEAST16_MAX__ 0x7fff
#define __DEC64_MANT_DIG__ 16
#define __INT64_MAX__ 0x7fffffffffffffffL
#define __UINT_LEAST32_MAX__ 0xffffffffU
#define __SEG_GS 1
#define __FLT32_DENORM_MIN__ 1.40129846432481707092372958328991613e-45F32
#define __GCC_ATOMIC_LONG_LOCK_FREE 2
#define __SIG_ATOMIC_WIDTH__ 32
#define __INT_LEAST64_TYPE__ long int
#define __INT16_TYPE__ short int
#define __INT_LEAST8_TYPE__ signed char
#define __STDC_VERSION__ 201710L
#define __DEC32_MAX_EXP__ 97
#define __INT_FAST8_MAX__ 0x7f
#define __FLT128_MAX__ 1.18973149535723176508575932662800702e+4932F128
#define __INTPTR_MAX__ 0x7fffffffffffffffL
#define linux 1
#define __FLT64_HAS_QUIET_NAN__ 1
#define __FLT32_MIN_10_EXP__ (-37)
#define __SSE2__ 1
#define __FLT32X_DIG__ 15
#define __LDBL_MANT_DIG__ 64
#define __DBL_HAS_QUIET_NAN__ 1
#define __FLT64_HAS_INFINITY__ 1
#define __FLT64X_MAX__ 1.18973149535723176502126385303097021e+4932F64x
#define __SIG_ATOMIC_MIN__ (-__SIG_ATOMIC_MAX__ - 1)
#define __code_model_small__ 1
#define __k8__ 1
#define __INTPTR_TYPE__ long int
#define __UINT16_TYPE__ short unsigned int
#define __WCHAR_TYPE__ int
#define __SIZEOF_FLOAT__ 4
#define __pic__ 2
#define __UINTPTR_MAX__ 0xffffffffffffffffUL
#define __INT_FAST64_WIDTH__ 64
#define __DEC64_MIN_EXP__ (-382)
#define __FLT32_DECIMAL_DIG__ 9
#define __INT_FAST64_MAX__ 0x7fffffffffffffffL
#define __GCC_ATOMIC_TEST_AND_SET_TRUEVAL 1
#define __FLT_DIG__ 6
#define __FLT32_HAS_INFINITY__ 1
#define __FLT64X_MAX_EXP__ 16384
#define __UINT_FAST64_TYPE__ long unsigned int
#define __INT_MAX__ 0x7fffffff
#define __amd64__ 1
#define __INT64_TYPE__ long int
#define __FLT_MAX_EXP__ 128
#define __ORDER_BIG_ENDIAN__ 4321
#define __DBL_MANT_DIG__ 53
#define __SIZEOF_FLOAT128__ 16
#define __INT_LEAST64_MAX__ 0x7fffffffffffffffL
#define __GCC_ATOMIC_CHAR16_T_LOCK_FREE 2
#define __DEC64_MIN__ 1E-383DD
#define __WINT_TYPE__ unsigned int
#define __UINT_LEAST32_TYPE__ unsigned int
#define __SIZEOF_SHORT__ 2
#define __SSE__ 1
#define __LDBL_MIN_EXP__ (-16381)
#define __FLT64_MAX__ 1.79769313486231570814527423731704357e+308F64
#define __WINT_WIDTH__ 32
#define __INT_LEAST8_MAX__ 0x7f
#define __FLT32X_MAX_10_EXP__ 308
#define __SIZEOF_INT128__ 16
#define __LDBL_MAX_10_EXP__ 4932
#define __ATOMIC_RELAXED 0
#define __DBL_EPSILON__ ((double)2.22044604925031308084726333618164062e-16L)
#define __FLT128_MIN__ 3.36210314311209350626267781732175260e-4932F128
#define _LP64 1
#define __UINT8_C(c) c
#define __FLT64_MAX_EXP__ 1024
#define __INT_LEAST32_TYPE__ int
#define __SIZEOF_WCHAR_T__ 4
#define __UINT64_TYPE__ long unsigned int
#define __FLT128_HAS_QUIET_NAN__ 1
#define __INT_FAST8_TYPE__ signed char
#define __FLT64X_MIN__ 3.36210314311209350626267781732175260e-4932F64x
#define __GNUC_STDC_INLINE__ 1
#define __FLT64_HAS_DENORM__ 1
#define __FLT32_EPSILON__ 1.19209289550781250000000000000000000e-7F32
#define __DBL_DECIMAL_DIG__ 17
#define __STDC_UTF_32__ 1
#define __INT_FAST8_WIDTH__ 8
#define __FXSR__ 1
#define __DEC_EVAL_METHOD__ 2
#define __FLT32X_MAX__ 1.79769313486231570814527423731704357e+308F32x
#define __UINT32_C(c) c ## U
#define __INTMAX_MAX__ 0x7fffffffffffffffL
#define __BYTE_ORDER__ __ORDER_LITTLE_ENDIAN__
#define __FLT_DENORM_MIN__ 1.40129846432481707092372958328991613e-45F
#define __INT8_MAX__ 0x7f
#define __LONG_WIDTH__ 64
#define __PIC__ 2
#define __UINT_FAST32_TYPE__ long unsigned int
#define __CHAR32_TYPE__ unsigned int
#define __FLT_MAX__ 3.40282346638528859811704183484516925e+38F
#define __INT32_TYPE__ int
#define __SIZEOF_DOUBLE__ 8
#define __FLT_MIN_10_EXP__ (-37)
#define __FLT64_MIN__ 2.22507385850720138309023271733240406e-308F64
#define __INT_LEAST32_WIDTH__ 32
#define __INTMAX_TYPE__ long int
#define __DEC128_MAX_EXP__ 6145
#define __FLT32X_HAS_QUIET_NAN__ 1
#define __ATOMIC_CONSUME 1
#define __GNUC_MINOR__ 3
#define __INT_FAST16_WIDTH__ 64
#define __UINTMAX_MAX__ 0xffffffffffffffffUL
#define __DEC32_MANT_DIG__ 7
#define __FLT32X_DENORM_MIN__ 4.94065645841246544176568792868221372e-324F32x
#define __DBL_MAX_10_EXP__ 308
#define __LDBL_DENORM_MIN__ 3.64519953188247460252840593361941982e-4951L
#define __INT16_C(c) c
#define __STDC__ 1
#define __PTRDIFF_TYPE__ long int
#define __ATOMIC_SEQ_CST 5
#define __UINT32_TYPE__ unsigned int
#define __FLT32X_MIN_10_EXP__ (-307)
#define __UINTPTR_TYPE__ long unsigned int
#define __DEC64_SUBNORMAL_MIN__ 0.000000000000001E-383DD
#define __DEC128_MANT_DIG__ 34
#define __LDBL_MIN_10_EXP__ (-4931)
#define __FLT128_EPSILON__ 1.92592994438723585305597794258492732e-34F128
#define __SIZEOF_LONG_LONG__ 8
#define __FLT128_DECIMAL_DIG__ 36
#define __GCC_ATOMIC_LLONG_LOCK_FREE 2
#define __FLT32X_MIN__ 2.22507385850720138309023271733240406e-308F32x
#define __LDBL_DIG__ 18
#define __FLT_DECIMAL_DIG__ 9
#define __UINT_FAST16_MAX__ 0xffffffffffffffffUL
#define __GCC_ATOMIC_SHORT_LOCK_FREE 2
#define __INT_LEAST64_WIDTH__ 64
#define __UINT_FAST8_TYPE__ unsigned char
#define __ATOMIC_ACQ_REL 4
#define __ATOMIC_RELEASE 3

(tool ar is already loaded, skipping)
/usr/bin/g++
------------------------------------------------------
Checking for compilation flag -Wl,--soname=foo support
==>
int main() { return 0; }
<==
[1/1] Compiling [32mbuild/.conf_check_3a9c82ec43ffbd269aee2cf4b344ce1b/test.cpp[0m

['/usr/bin/g++', '-O0', '-ggdb', '-g3', '-Wall', '-Werror', '-Wl,--soname=foo', '-DNS3_BUILD_PROFILE_DEBUG', '-DNS3_ASSERT_ENABLE', '-DNS3_LOG_ENABLE', '../test.cpp', '-c', '-o', '/home/hans/Repos/Q2routing/eq2-routing/clone_repo_TH/ns-3.26/build/.conf_check_3a9c82ec43ffbd269aee2cf4b344ce1b/testbuild/test.cpp.1.o']
ok
------------------------------------------------------
Checking for program 'python'
/usr/bin/python
find program=['python'] paths=['/usr/local/sbin', '/usr/local/bin', '/usr/sbin', '/usr/bin', '/sbin', '/bin', '/usr/games', '/usr/local/games', '/snap/bin'] var='PYTHON' -> ['/usr/bin/python']
['/usr/bin/python', '-c', 'import imp;print(imp.get_tag())']
err: Traceback (most recent call last):
  File "<string>", line 1, in <module>
AttributeError: 'module' object has no attribute 'get_tag'

['/usr/bin/python', '-c', 'import sys\nfor x in sys.version_info: print(str(x))']
out: 2
7
15
final
0

['/usr/bin/python', '-c', "from distutils.sysconfig import get_config_var, get_python_lib\n\nprint(repr(get_python_lib(standard_lib=0, prefix='/usr/local') or ''))"]
out: '/usr/local/lib/python2.7/dist-packages'

'/usr/local/lib/python2.7/dist-packages'

['/usr/bin/python', '-c', "from distutils.sysconfig import get_config_var, get_python_lib\n\nprint(repr(get_python_lib(plat_specific=1, standard_lib=0, prefix='/usr/local') or ''))"]
out: '/usr/local/lib/python2.7/dist-packages'

'/usr/local/lib/python2.7/dist-packages'

------------------------------------------------------
Checking for python version
(2, 7, 15, 'final', 0)
['/usr/bin/python', '-c', "from distutils.sysconfig import get_config_var, get_python_lib\n\nprint(repr(get_config_var('prefix') or ''))\nprint(repr(get_config_var('SO') or ''))\nprint(repr(get_config_var('LDFLAGS') or ''))\nprint(repr(get_config_var('LIBDIR') or ''))\nprint(repr(get_config_var('LIBPL') or ''))\nprint(repr(get_config_var('INCLUDEPY') or ''))\nprint(repr(get_config_var('Py_ENABLE_SHARED') or ''))\nprint(repr(get_config_var('MACOSX_DEPLOYMENT_TARGET') or ''))\nprint(repr(get_config_var('LDSHARED') or ''))\nprint(repr(get_config_var('CFLAGS') or ''))\nprint(repr(get_config_var('LDVERSION') or ''))"]
out: '/usr'
'.so'
'-Wl,-Bsymbolic-functions -Wl,-z,relro'
'/usr/lib'
'/usr/lib/python2.7/config-x86_64-linux-gnu'
'/usr/include/python2.7'
1
''
'x86_64-linux-gnu-gcc -pthread -shared -Wl,-O1 -Wl,-Bsymbolic-functions -Wl,-Bsymbolic-functions -Wl,-z,relro -fno-strict-aliasing -DNDEBUG -g -fwrapv -O2 -Wall -Wstrict-prototypes -Wdate-time -D_FORTIFY_SOURCE=2 -g -fdebug-prefix-map=/build/python2.7-PPrPZj/python2.7-2.7.15=. -fstack-protector-strong -Wformat -Werror=format-security  '
'-fno-strict-aliasing -DNDEBUG -g -fwrapv -O2 -Wall -Wstrict-prototypes -Wdate-time -D_FORTIFY_SOURCE=2 -g -fdebug-prefix-map=/build/python2.7-PPrPZj/python2.7-2.7.15=. -fstack-protector-strong -Wformat -Werror=format-security  '
''

'/usr'
'.so'
'-Wl,-Bsymbolic-functions -Wl,-z,relro'
'/usr/lib'
'/usr/lib/python2.7/config-x86_64-linux-gnu'
'/usr/include/python2.7'
1
''
'x86_64-linux-gnu-gcc -pthread -shared -Wl,-O1 -Wl,-Bsymbolic-functions -Wl,-Bsymbolic-functions -Wl,-z,relro -fno-strict-aliasing -DNDEBUG -g -fwrapv -O2 -Wall -Wstrict-prototypes -Wdate-time -D_FORTIFY_SOURCE=2 -g -fdebug-prefix-map=/build/python2.7-PPrPZj/python2.7-2.7.15=. -fstack-protector-strong -Wformat -Werror=format-security  '
'-fno-strict-aliasing -DNDEBUG -g -fwrapv -O2 -Wall -Wstrict-prototypes -Wdate-time -D_FORTIFY_SOURCE=2 -g -fdebug-prefix-map=/build/python2.7-PPrPZj/python2.7-2.7.15=. -fstack-protector-strong -Wformat -Werror=format-security  '
''

Configuration returned from ['/usr/bin/python']:
prefix = '/usr'
SO = '.so'
LDFLAGS = '-Wl,-Bsymbolic-functions -Wl,-z,relro'
LIBDIR = '/usr/lib'
LIBPL = '/usr/lib/python2.7/config-x86_64-linux-gnu'
INCLUDEPY = '/usr/include/python2.7'
Py_ENABLE_SHARED = 1
MACOSX_DEPLOYMENT_TARGET = ''
LDSHARED = 'x86_64-linux-gnu-gcc -pthread -shared -Wl,-O1 -Wl,-Bsymbolic-functions -Wl,-Bsymbolic-functions -Wl,-z,relro -fno-strict-aliasing -DNDEBUG -g -fwrapv -O2 -Wall -Wstrict-prototypes -Wdate-time -D_FORTIFY_SOURCE=2 -g -fdebug-prefix-map=/build/python2.7-PPrPZj/python2.7-2.7.15=. -fstack-protector-strong -Wformat -Werror=format-security  '
CFLAGS = '-fno-strict-aliasing -DNDEBUG -g -fwrapv -O2 -Wall -Wstrict-prototypes -Wdate-time -D_FORTIFY_SOURCE=2 -g -fdebug-prefix-map=/build/python2.7-PPrPZj/python2.7-2.7.15=. -fstack-protector-strong -Wformat -Werror=format-security  '
LDVERSION = ''

------------------------------------------------------
python-config
/usr/bin/python-config
find program=['/usr/bin/python-config', 'python2.7-config', 'python-config-2.7', 'python2.7m-config'] paths=['/usr/local/sbin', '/usr/local/bin', '/usr/sbin', '/usr/bin', '/sbin', '/bin', '/usr/games', '/usr/local/games', '/snap/bin'] var='PYTHON_CONFIG' -> ['/usr/bin/python-config']
------------------------------------------------------------------
Asking python-config for pyembed '--cflags --libs --ldflags' flags
['/usr/bin/python-config', '--cflags', '--libs', '--ldflags']
out: -I/usr/include/python2.7 -I/usr/include/x86_64-linux-gnu/python2.7  -fno-strict-aliasing -Wdate-time -D_FORTIFY_SOURCE=2 -g -fdebug-prefix-map=/build/python2.7-PPrPZj/python2.7-2.7.15=. -fstack-protector-strong -Wformat -Werror=format-security  -DNDEBUG -g -fwrapv -O2 -Wall -Wstrict-prototypes
-lpython2.7 -lpthread -ldl  -lutil -lm 
-L/usr/lib/python2.7/config-x86_64-linux-gnu -L/usr/lib -lpython2.7 -lpthread -ldl  -lutil -lm  -Xlinker -export-dynamic -Wl,-O1 -Wl,-Bsymbolic-functions

yes
------------------------------------------------------------------
Testing pyembed configuration
==>

#include <Python.h>
#ifdef __cplusplus
extern "C" {
#endif
	void Py_Initialize(void);
	void Py_Finalize(void);
#ifdef __cplusplus
}
#endif
int main(int argc, char **argv)
{
   (void)argc; (void)argv;
   Py_Initialize();
   Py_Finalize();
   return 0;
}

<==
[1/2] Compiling [32mbuild/.conf_check_3cd17e930f8b32011933d77b87e7808c/test.cpp[0m

['/usr/bin/g++', '-O0', '-ggdb', '-g3', '-Wall', '-Werror', '-std=c++11', '-fno-strict-aliasing', '-fdebug-prefix-map=/build/python2.7-PPrPZj/python2.7-2.7.15=.', '-fstack-protector-strong', '-fwrapv', '-I/usr/include/python2.7', '-I/usr/include/x86_64-linux-gnu/python2.7', '-DNS3_BUILD_PROFILE_DEBUG', '-DNS3_ASSERT_ENABLE', '-DNS3_LOG_ENABLE', '-DPYTHONDIR="/usr/local/lib/python2.7/dist-packages"', '-DPYTHONARCHDIR="/usr/local/lib/python2.7/dist-packages"', '-DHAVE_PYEMBED=1', '-D_FORTIFY_SOURCE=2', '-DNDEBUG', '../test.cpp', '-c', '-o', '/home/hans/Repos/Q2routing/eq2-routing/clone_repo_TH/ns-3.26/build/.conf_check_3cd17e930f8b32011933d77b87e7808c/testbuild/test.cpp.1.o']
[2/2] Linking [33mbuild/.conf_check_3cd17e930f8b32011933d77b87e7808c/testbuild/testprog[0m

['/usr/bin/g++', '-Xlinker', '-export-dynamic', '-Wl,-O1', '-Wl,-Bsymbolic-functions', 'test.cpp.1.o', '-o', '/home/hans/Repos/Q2routing/eq2-routing/clone_repo_TH/ns-3.26/build/.conf_check_3cd17e930f8b32011933d77b87e7808c/testbuild/testprog', '-Wl,-Bstatic', '-Wl,-Bdynamic', '-L/usr/lib/python2.7/config-x86_64-linux-gnu', '-L/usr/lib', '-lpython2.7', '-lpthread', '-ldl', '-lutil', '-lm']
yes
------------------------------------------------------------------
Asking python-config for pyext '--cflags --libs --ldflags' flags
['/usr/bin/python-config', '--cflags', '--libs', '--ldflags']
out: -I/usr/include/python2.7 -I/usr/include/x86_64-linux-gnu/python2.7  -fno-strict-aliasing -Wdate-time -D_FORTIFY_SOURCE=2 -g -fdebug-prefix-map=/build/python2.7-PPrPZj/python2.7-2.7.15=. -fstack-protector-strong -Wformat -Werror=format-security  -DNDEBUG -g -fwrapv -O2 -Wall -Wstrict-prototypes
-lpython2.7 -lpthread -ldl  -lutil -lm 
-L/usr/lib/python2.7/config-x86_64-linux-gnu -L/usr/lib -lpython2.7 -lpthread -ldl  -lutil -lm  -Xlinker -export-dynamic -Wl,-O1 -Wl,-Bsymbolic-functions

yes
------------------------------------------------------------------
Testing pyext configuration
==>

#include <Python.h>
#ifdef __cplusplus
extern "C" {
#endif
	void Py_Initialize(void);
	void Py_Finalize(void);
#ifdef __cplusplus
}
#endif
int main(int argc, char **argv)
{
   (void)argc; (void)argv;
   Py_Initialize();
   Py_Finalize();
   return 0;
}

<==
[1/2] Compiling [32mbuild/.conf_check_929bc77b5f34102d34367097559804e9/test.cpp[0m

['/usr/bin/g++', '-O0', '-ggdb', '-g3', '-Wall', '-Werror', '-std=c++11', '-fPIC', '-fno-strict-aliasing', '-fdebug-prefix-map=/build/python2.7-PPrPZj/python2.7-2.7.15=.', '-fstack-protector-strong', '-fwrapv', '-I/usr/include/python2.7', '-I/usr/include/x86_64-linux-gnu/python2.7', '-DNS3_BUILD_PROFILE_DEBUG', '-DNS3_ASSERT_ENABLE', '-DNS3_LOG_ENABLE', '-DPYTHONDIR="/usr/local/lib/python2.7/dist-packages"', '-DPYTHONARCHDIR="/usr/local/lib/python2.7/dist-packages"', '-DHAVE_PYEMBED=1', '-DHAVE_PYEXT=1', '-D_FORTIFY_SOURCE=2', '-DNDEBUG', '../test.cpp', '-c', '-o', '/home/hans/Repos/Q2routing/eq2-routing/clone_repo_TH/ns-3.26/build/.conf_check_929bc77b5f34102d34367097559804e9/testbuild/test.cpp.1.o']
[2/2] Linking [33mbuild/.conf_check_929bc77b5f34102d34367097559804e9/testbuild/testprog.so[0m

['/usr/bin/g++', '-shared', '-Xlinker', '-export-dynamic', '-Wl,-O1', '-Wl,-Bsymbolic-functions', 'test.cpp.1.o', '-o', '/home/hans/Repos/Q2routing/eq2-routing/clone_repo_TH/ns-3.26/build/.conf_check_929bc77b5f34102d34367097559804e9/testbuild/testprog.so', '-Wl,-Bstatic', '-Wl,-Bdynamic', '-L/usr/lib/python2.7/config-x86_64-linux-gnu', '-L/usr/lib', '-lpython2.7', '-lpthread', '-ldl', '-lutil', '-lm']
yes
------------------------------------------------------------------
Checking for compilation flag -fvisibility=hidden support
==>
int main() { return 0; }
<==
[1/1] Compiling [32mbuild/.conf_check_3a9c82ec43ffbd269aee2cf4b344ce1b/test.cpp[0m

['/usr/bin/g++', '-O0', '-ggdb', '-g3', '-Wall', '-Werror', '-std=c++11', '-fvisibility=hidden', '-DNS3_BUILD_PROFILE_DEBUG', '-DNS3_ASSERT_ENABLE', '-DNS3_LOG_ENABLE', '-DPYTHONDIR="/usr/local/lib/python2.7/dist-packages"', '-DPYTHONARCHDIR="/usr/local/lib/python2.7/dist-packages"', '-DHAVE_PYEMBED=1', '-DHAVE_PYEXT=1', '-DHAVE_PYTHON_H=1', '../test.cpp', '-c', '-o', '/home/hans/Repos/Q2routing/eq2-routing/clone_repo_TH/ns-3.26/build/.conf_check_3a9c82ec43ffbd269aee2cf4b344ce1b/testbuild/test.cpp.1.o']
ok
------------------------------------------------------------------
Checking for compilation flag -Wno-array-bounds support
==>
int main() { return 0; }
<==
[1/1] Compiling [32mbuild/.conf_check_3a9c82ec43ffbd269aee2cf4b344ce1b/test.cpp[0m

['/usr/bin/g++', '-O0', '-ggdb', '-g3', '-Wall', '-Werror', '-std=c++11', '-Wno-array-bounds', '-DNS3_BUILD_PROFILE_DEBUG', '-DNS3_ASSERT_ENABLE', '-DNS3_LOG_ENABLE', '-DPYTHONDIR="/usr/local/lib/python2.7/dist-packages"', '-DPYTHONARCHDIR="/usr/local/lib/python2.7/dist-packages"', '-DHAVE_PYEMBED=1', '-DHAVE_PYEXT=1', '-DHAVE_PYTHON_H=1', '../test.cpp', '-c', '-o', '/home/hans/Repos/Q2routing/eq2-routing/clone_repo_TH/ns-3.26/build/.conf_check_3a9c82ec43ffbd269aee2cf4b344ce1b/testbuild/test.cpp.1.o']
ok
------------------------------------------------------------------
Checking for pybindgen location
../pybindgen-0.17.0.post57+nga6376f2 (given)
------------------------------------------------------------------
Checking for python module 'pybindgen'
['/usr/bin/python', '-c', "\nimport pybindgen as current_module\nversion = getattr(current_module, '__version__', None)\nif version is not None:\n\tprint(str(version))\nelse:\n\tprint('unknown version')\n"]
out: 0.17.0.post57+nga6376f2

0.17.0.post57+nga6376f2
------------------------------------------------------------------
Checking for pybindgen version
0.17.0.post57+nga6376f2
------------------------------------------------------------------
Checking boost includes
1_65_1
------------------------------------------------------------------
Checking boost libs
Found the boost path in /usr/lib/x86_64-linux-gnu with the libraries:
    /usr/lib/x86_64-linux-gnu/libboost_date_time.so.1.65.1
    /usr/lib/x86_64-linux-gnu/libboost_filesystem.a
    /usr/lib/x86_64-linux-gnu/libboost_filesystem.so
    /usr/lib/x86_64-linux-gnu/libboost_filesystem.so.1.65.1
    /usr/lib/x86_64-linux-gnu/libboost_iostreams.so.1.65.1
    /usr/lib/x86_64-linux-gnu/libboost_locale.so.1.65.1
    /usr/lib/x86_64-linux-gnu/libboost_signals.a
    /usr/lib/x86_64-linux-gnu/libboost_signals.so
    /usr/lib/x86_64-linux-gnu/libboost_signals.so.1.65.1
    /usr/lib/x86_64-linux-gnu/libboost_system.a
    /usr/lib/x86_64-linux-gnu/libboost_system.so
    /usr/lib/x86_64-linux-gnu/libboost_system.so.1.65.1
    /usr/lib/x86_64-linux-gnu/libboost_thread.so.1.65.1
Trying pattern boost_system(-gcc[0-9]{0,3})-1_65_1.so$
Trying pattern boost_system-1_65_1.so$
Trying pattern boost_system(-gcc[0-9]{0,3}).so$
Trying pattern boost_system.so$
Found boost lib libboost_system.so
Trying pattern boost_signals(-gcc[0-9]{0,3})-1_65_1.so$
Trying pattern boost_signals-1_65_1.so$
Trying pattern boost_signals(-gcc[0-9]{0,3}).so$
Trying pattern boost_signals.so$
Found boost lib libboost_signals.so
Trying pattern boost_filesystem(-gcc[0-9]{0,3})-1_65_1.so$
Trying pattern boost_filesystem-1_65_1.so$
Trying pattern boost_filesystem(-gcc[0-9]{0,3}).so$
Trying pattern boost_filesystem.so$
Found boost lib libboost_filesystem.so
ok
------------------------------------------------------------------
Checking for boost linkage
==>

#include <boost/system/error_code.hpp>
int main() { boost::system::error_code c; }

<==
[1/2] Compiling [32mbuild/.conf_check_c79e390adcf268b690c3c05401894ce6/test.cpp[0m

['/usr/bin/g++', '-O0', '-ggdb', '-g3', '-Wall', '-Werror', '-std=c++11', '-I/usr/include', '-DNS3_BUILD_PROFILE_DEBUG', '-DNS3_ASSERT_ENABLE', '-DNS3_LOG_ENABLE', '-DPYTHONDIR="/usr/local/lib/python2.7/dist-packages"', '-DPYTHONARCHDIR="/usr/local/lib/python2.7/dist-packages"', '-DHAVE_PYEMBED=1', '-DHAVE_PYEXT=1', '-DHAVE_PYTHON_H=1', '../test.cpp', '-c', '-o', '/home/hans/Repos/Q2routing/eq2-routing/clone_repo_TH/ns-3.26/build/.conf_check_c79e390adcf268b690c3c05401894ce6/testbuild/test.cpp.1.o']
[2/2] Linking [33mbuild/.conf_check_c79e390adcf268b690c3c05401894ce6/testbuild/testprog[0m

['/usr/bin/g++', 'test.cpp.1.o', '-o', '/home/hans/Repos/Q2routing/eq2-routing/clone_repo_TH/ns-3.26/build/.conf_check_c79e390adcf268b690c3c05401894ce6/testbuild/testprog', '-Wl,-Bstatic', '-L/usr/lib/x86_64-linux-gnu', '-Wl,-Bdynamic', '-L/usr/lib/x86_64-linux-gnu', '-lboost_system', '-lboost_signals', '-lboost_filesystem']
ok
------------------------------------------------------------------
Checking for click location
not found
------------------------------------------------------------------
Checking for program 'pkg-config'
/usr/bin/pkg-config
find program=['pkg-config'] paths=['/usr/local/sbin', '/usr/local/bin', '/usr/sbin', '/usr/bin', '/sbin', '/bin', '/usr/games', '/usr/local/games', '/snap/bin'] var='PKGCONFIG' -> ['/usr/bin/pkg-config']
------------------------------------------------------------------
Checking for 'gtk+-2.0' >= 2.12
['/usr/bin/pkg-config', '--atleast-version=2.12', 'gtk+-2.0']
['/usr/bin/pkg-config', '--cflags', '--libs', 'gtk+-2.0']
out: -pthread -I/usr/include/gtk-2.0 -I/usr/lib/x86_64-linux-gnu/gtk-2.0/include -I/usr/include/gio-unix-2.0/ -I/usr/include/cairo -I/usr/include/pango-1.0 -I/usr/include/atk-1.0 -I/usr/include/cairo -I/usr/include/pixman-1 -I/usr/include/gdk-pixbuf-2.0 -I/usr/include/libpng16 -I/usr/include/pango-1.0 -I/usr/include/harfbuzz -I/usr/include/pango-1.0 -I/usr/include/glib-2.0 -I/usr/lib/x86_64-linux-gnu/glib-2.0/include -I/usr/include/freetype2 -I/usr/include/libpng16 -I/usr/include/freetype2 -I/usr/include/libpng16 -lgtk-x11-2.0 -lgdk-x11-2.0 -lpangocairo-1.0 -latk-1.0 -lcairo -lgdk_pixbuf-2.0 -lgio-2.0 -lpangoft2-1.0 -lpango-1.0 -lgobject-2.0 -lglib-2.0 -lfontconfig -lfreetype

yes
------------------------------------------------------------------
Checking for 'libxml-2.0' >= 2.7
['/usr/bin/pkg-config', '--atleast-version=2.7', 'libxml-2.0']
['/usr/bin/pkg-config', '--cflags', '--libs', 'libxml-2.0']
out: -I/usr/include/libxml2 -lxml2

yes
------------------------------------------------------------------
Checking for type uint128_t
==>
#include <stdint.h>

int main(int argc, char **argv) {
	(void)argc; (void)argv;
	if ((uint128_t *) 0) return 0;
	if (sizeof (uint128_t)) return 0;
	return 1;
}

<==
[1/2] Compiling [32mbuild/.conf_check_739e6f70d1d195b2d835762bfdb744f8/test.cpp[0m

['/usr/bin/g++', '-O0', '-ggdb', '-g3', '-Wall', '-Werror', '-std=c++11', '-DNS3_BUILD_PROFILE_DEBUG', '-DNS3_ASSERT_ENABLE', '-DNS3_LOG_ENABLE', '../test.cpp', '-c', '-o', '/home/hans/Repos/Q2routing/eq2-routing/clone_repo_TH/ns-3.26/build/.conf_check_739e6f70d1d195b2d835762bfdb744f8/testbuild/test.cpp.1.o']
err: ../test.cpp: In function â€˜int main(int, char**)â€™:
../test.cpp:5:7: error: â€˜uint128_tâ€™ was not declared in this scope
  if ((uint128_t *) 0) return 0;
       ^~~~~~~~~
../test.cpp:5:7: note: suggested alternative: â€˜uint32_tâ€™
  if ((uint128_t *) 0) return 0;
       ^~~~~~~~~
       uint32_t
../test.cpp:5:18: error: expected primary-expression before â€˜)â€™ token
  if ((uint128_t *) 0) return 0;
                  ^
../test.cpp:5:19: error: expected â€˜)â€™ before numeric constant
  if ((uint128_t *) 0) return 0;
     ~             ^~
                   )
../test.cpp:6:14: error: â€˜uint128_tâ€™ was not declared in this scope
  if (sizeof (uint128_t)) return 0;
              ^~~~~~~~~
../test.cpp:6:14: note: suggested alternative: â€˜uint32_tâ€™
  if (sizeof (uint128_t)) return 0;
              ^~~~~~~~~
              uint32_t

from /home/hans/Repos/Q2routing/eq2-routing/clone_repo_TH/ns-3.26/src/core: Test does not build: Traceback (most recent call last):
  File "/home/hans/Repos/Q2routing/eq2-routing/clone_repo_TH/ns-3.26/.waf-1.8.19-b1fc8f7baef51bd2db4c2971909a568d/waflib/Configure.py", line 335, in run_build
    bld.compile()
  File "/home/hans/Repos/Q2routing/eq2-routing/clone_repo_TH/ns-3.26/.waf-1.8.19-b1fc8f7baef51bd2db4c2971909a568d/waflib/Build.py", line 185, in compile
    raise Errors.BuildError(self.producer.error)
BuildError: Build failed
 -> task in 'testprog' failed (exit status 1): 
	{task 140481180911376: cxx test.cpp -> test.cpp.1.o}
['/usr/bin/g++', '-O0', '-ggdb', '-g3', '-Wall', '-Werror', '-std=c++11', '-DNS3_BUILD_PROFILE_DEBUG', '-DNS3_ASSERT_ENABLE', '-DNS3_LOG_ENABLE', '../test.cpp', '-c', '-o', '/home/hans/Repos/Q2routing/eq2-routing/clone_repo_TH/ns-3.26/build/.conf_check_739e6f70d1d195b2d835762bfdb744f8/testbuild/test.cpp.1.o']

not found
from /home/hans/Repos/Q2routing/eq2-routing/clone_repo_TH/ns-3.26/src/core: The configuration failed
------------------------------------------------------------------
Checking for type __uint128_t
==>
#include <stdint.h>

int main(int argc, char **argv) {
	(void)argc; (void)argv;
	if ((__uint128_t *) 0) return 0;
	if (sizeof (__uint128_t)) return 0;
	return 1;
}

<==
[1/2] Compiling [32mbuild/.conf_check_d7cc5e7b8bc1028f940334a965f19dfc/test.cpp[0m

['/usr/bin/g++', '-O0', '-ggdb', '-g3', '-Wall', '-Werror', '-std=c++11', '-DNS3_BUILD_PROFILE_DEBUG', '-DNS3_ASSERT_ENABLE', '-DNS3_LOG_ENABLE', '../test.cpp', '-c', '-o', '/home/hans/Repos/Q2routing/eq2-routing/clone_repo_TH/ns-3.26/build/.conf_check_d7cc5e7b8bc1028f940334a965f19dfc/testbuild/test.cpp.1.o']
[2/2] Linking [33mbuild/.conf_check_d7cc5e7b8bc1028f940334a965f19dfc/testbuild/testprog[0m

['/usr/bin/g++', 'test.cpp.1.o', '-o', '/home/hans/Repos/Q2routing/eq2-routing/clone_repo_TH/ns-3.26/build/.conf_check_d7cc5e7b8bc1028f940334a965f19dfc/testbuild/testprog', '-Wl,-Bstatic', '-Wl,-Bdynamic']
yes
------------------------------------------------------------------
Checking high precision implementation
128-bit integer (default)
------------------------------------------------------------------
Checking for header stdint.h
==>
#include <stdint.h>

int main(int argc, char **argv) {
	(void)argc; (void)argv;
	return 0;
}

<==
[1/2] Compiling [32mbuild/.conf_check_484b78650344b17b3291807b873d753a/test.cpp[0m

['/usr/bin/g++', '-O0', '-ggdb', '-g3', '-Wall', '-Werror', '-std=c++11', '-DNS3_BUILD_PROFILE_DEBUG', '-DNS3_ASSERT_ENABLE', '-DNS3_LOG_ENABLE', '-DHAVE___UINT128_T=1', '-DINT64X64_USE_128=1', '../test.cpp', '-c', '-o', '/home/hans/Repos/Q2routing/eq2-routing/clone_repo_TH/ns-3.26/build/.conf_check_484b78650344b17b3291807b873d753a/testbuild/test.cpp.1.o']
[2/2] Linking [33mbuild/.conf_check_484b78650344b17b3291807b873d753a/testbuild/testprog[0m

['/usr/bin/g++', 'test.cpp.1.o', '-o', '/home/hans/Repos/Q2routing/eq2-routing/clone_repo_TH/ns-3.26/build/.conf_check_484b78650344b17b3291807b873d753a/testbuild/testprog', '-Wl,-Bstatic', '-Wl,-Bdynamic']
yes
------------------------------------------------------------------
Checking for header inttypes.h
==>
#include <inttypes.h>

int main(int argc, char **argv) {
	(void)argc; (void)argv;
	return 0;
}

<==
[1/2] Compiling [32mbuild/.conf_check_a848f12124660fa3013d3471e357ecd0/test.cpp[0m

['/usr/bin/g++', '-O0', '-ggdb', '-g3', '-Wall', '-Werror', '-std=c++11', '-DNS3_BUILD_PROFILE_DEBUG', '-DNS3_ASSERT_ENABLE', '-DNS3_LOG_ENABLE', '-DHAVE___UINT128_T=1', '-DINT64X64_USE_128=1', '-DHAVE_STDINT_H=1', '../test.cpp', '-c', '-o', '/home/hans/Repos/Q2routing/eq2-routing/clone_repo_TH/ns-3.26/build/.conf_check_a848f12124660fa3013d3471e357ecd0/testbuild/test.cpp.1.o']
[2/2] Linking [33mbuild/.conf_check_a848f12124660fa3013d3471e357ecd0/testbuild/testprog[0m

['/usr/bin/g++', 'test.cpp.1.o', '-o', '/home/hans/Repos/Q2routing/eq2-routing/clone_repo_TH/ns-3.26/build/.conf_check_a848f12124660fa3013d3471e357ecd0/testbuild/testprog', '-Wl,-Bstatic', '-Wl,-Bdynamic']
yes
------------------------------------------------------------------
Checking for header sys/inttypes.h
==>
#include <sys/inttypes.h>

int main(int argc, char **argv) {
	(void)argc; (void)argv;
	return 0;
}

<==
[1/2] Compiling [32mbuild/.conf_check_d410afa04bf9f03819fe8f5046c58fb5/test.cpp[0m

['/usr/bin/g++', '-O0', '-ggdb', '-g3', '-Wall', '-Werror', '-std=c++11', '-DNS3_BUILD_PROFILE_DEBUG', '-DNS3_ASSERT_ENABLE', '-DNS3_LOG_ENABLE', '-DHAVE___UINT128_T=1', '-DINT64X64_USE_128=1', '-DHAVE_STDINT_H=1', '-DHAVE_INTTYPES_H=1', '../test.cpp', '-c', '-o', '/home/hans/Repos/Q2routing/eq2-routing/clone_repo_TH/ns-3.26/build/.conf_check_d410afa04bf9f03819fe8f5046c58fb5/testbuild/test.cpp.1.o']
err: ../test.cpp:1:10: fatal error: sys/inttypes.h: No such file or directory
 #include <sys/inttypes.h>
          ^~~~~~~~~~~~~~~~
compilation terminated.

from /home/hans/Repos/Q2routing/eq2-routing/clone_repo_TH/ns-3.26/src/core: Test does not build: Traceback (most recent call last):
  File "/home/hans/Repos/Q2routing/eq2-routing/clone_repo_TH/ns-3.26/.waf-1.8.19-b1fc8f7baef51bd2db4c2971909a568d/waflib/Configure.py", line 335, in run_build
    bld.compile()
  File "/home/hans/Repos/Q2routing/eq2-routing/clone_repo_TH/ns-3.26/.waf-1.8.19-b1fc8f7baef51bd2db4c2971909a568d/waflib/Build.py", line 185, in compile
    raise Errors.BuildError(self.producer.error)
BuildError: Build failed
 -> task in 'testprog' failed (exit status 1): 
	{task 140481180456272: cxx test.cpp -> test.cpp.1.o}
['/usr/bin/g++', '-O0', '-ggdb', '-g3', '-Wall', '-Werror', '-std=c++11', '-DNS3_BUILD_PROFILE_DEBUG', '-DNS3_ASSERT_ENABLE', '-DNS3_LOG_ENABLE', '-DHAVE___UINT128_T=1', '-DINT64X64_USE_128=1', '-DHAVE_STDINT_H=1', '-DHAVE_INTTYPES_H=1', '../test.cpp', '-c', '-o', '/home/hans/Repos/Q2routing/eq2-routing/clone_repo_TH/ns-3.26/build/.conf_check_d410afa04bf9f03819fe8f5046c58fb5/testbuild/test.cpp.1.o']

not found
from /home/hans/Repos/Q2routing/eq2-routing/clone_repo_TH/ns-3.26/src/core: The configuration failed
------------------------------------------------------------------
Checking for header sys/types.h
==>
#include <sys/types.h>

int main(int argc, char **argv) {
	(void)argc; (void)argv;
	return 0;
}

<==
[1/2] Compiling [32mbuild/.conf_check_d7fc12610a777439af2e4c6bf72a36a7/test.cpp[0m

['/usr/bin/g++', '-O0', '-ggdb', '-g3', '-Wall', '-Werror', '-std=c++11', '-DNS3_BUILD_PROFILE_DEBUG', '-DNS3_ASSERT_ENABLE', '-DNS3_LOG_ENABLE', '-DHAVE___UINT128_T=1', '-DINT64X64_USE_128=1', '-DHAVE_STDINT_H=1', '-DHAVE_INTTYPES_H=1', '../test.cpp', '-c', '-o', '/home/hans/Repos/Q2routing/eq2-routing/clone_repo_TH/ns-3.26/build/.conf_check_d7fc12610a777439af2e4c6bf72a36a7/testbuild/test.cpp.1.o']
[2/2] Linking [33mbuild/.conf_check_d7fc12610a777439af2e4c6bf72a36a7/testbuild/testprog[0m

['/usr/bin/g++', 'test.cpp.1.o', '-o', '/home/hans/Repos/Q2routing/eq2-routing/clone_repo_TH/ns-3.26/build/.conf_check_d7fc12610a777439af2e4c6bf72a36a7/testbuild/testprog', '-Wl,-Bstatic', '-Wl,-Bdynamic']
yes
------------------------------------------------------------------
Checking for header sys/stat.h
==>
#include <sys/stat.h>

int main(int argc, char **argv) {
	(void)argc; (void)argv;
	return 0;
}

<==
[1/2] Compiling [32mbuild/.conf_check_a5198e9b9d94bed1090288c9593dc87f/test.cpp[0m

['/usr/bin/g++', '-O0', '-ggdb', '-g3', '-Wall', '-Werror', '-std=c++11', '-DNS3_BUILD_PROFILE_DEBUG', '-DNS3_ASSERT_ENABLE', '-DNS3_LOG_ENABLE', '-DHAVE___UINT128_T=1', '-DINT64X64_USE_128=1', '-DHAVE_STDINT_H=1', '-DHAVE_INTTYPES_H=1', '-DHAVE_SYS_TYPES_H=1', '../test.cpp', '-c', '-o', '/home/hans/Repos/Q2routing/eq2-routing/clone_repo_TH/ns-3.26/build/.conf_check_a5198e9b9d94bed1090288c9593dc87f/testbuild/test.cpp.1.o']
[2/2] Linking [33mbuild/.conf_check_a5198e9b9d94bed1090288c9593dc87f/testbuild/testprog[0m

['/usr/bin/g++', 'test.cpp.1.o', '-o', '/home/hans/Repos/Q2routing/eq2-routing/clone_repo_TH/ns-3.26/build/.conf_check_a5198e9b9d94bed1090288c9593dc87f/testbuild/testprog', '-Wl,-Bstatic', '-Wl,-Bdynamic']
yes
------------------------------------------------------------------
Checking for header dirent.h
==>
#include <dirent.h>

int main(int argc, char **argv) {
	(void)argc; (void)argv;
	return 0;
}

<==
[1/2] Compiling [32mbuild/.conf_check_928588abc67b5b55811c81fcd279e61d/test.cpp[0m

['/usr/bin/g++', '-O0', '-ggdb', '-g3', '-Wall', '-Werror', '-std=c++11', '-DNS3_BUILD_PROFILE_DEBUG', '-DNS3_ASSERT_ENABLE', '-DNS3_LOG_ENABLE', '-DHAVE___UINT128_T=1', '-DINT64X64_USE_128=1', '-DHAVE_STDINT_H=1', '-DHAVE_INTTYPES_H=1', '-DHAVE_SYS_TYPES_H=1', '-DHAVE_SYS_STAT_H=1', '../test.cpp', '-c', '-o', '/home/hans/Repos/Q2routing/eq2-routing/clone_repo_TH/ns-3.26/build/.conf_check_928588abc67b5b55811c81fcd279e61d/testbuild/test.cpp.1.o']
[2/2] Linking [33mbuild/.conf_check_928588abc67b5b55811c81fcd279e61d/testbuild/testprog[0m

['/usr/bin/g++', 'test.cpp.1.o', '-o', '/home/hans/Repos/Q2routing/eq2-routing/clone_repo_TH/ns-3.26/build/.conf_check_928588abc67b5b55811c81fcd279e61d/testbuild/testprog', '-Wl,-Bstatic', '-Wl,-Bdynamic']
yes
------------------------------------------------------------------
Checking for header stdlib.h
==>
#include <stdlib.h>

int main(int argc, char **argv) {
	(void)argc; (void)argv;
	return 0;
}

<==
[1/2] Compiling [32mbuild/.conf_check_43f98071755580ba870f2ba40d059095/test.cpp[0m

['/usr/bin/g++', '-O0', '-ggdb', '-g3', '-Wall', '-Werror', '-std=c++11', '-DNS3_BUILD_PROFILE_DEBUG', '-DNS3_ASSERT_ENABLE', '-DNS3_LOG_ENABLE', '-DHAVE___UINT128_T=1', '-DINT64X64_USE_128=1', '-DHAVE_STDINT_H=1', '-DHAVE_INTTYPES_H=1', '-DHAVE_SYS_TYPES_H=1', '-DHAVE_SYS_STAT_H=1', '-DHAVE_DIRENT_H=1', '../test.cpp', '-c', '-o', '/home/hans/Repos/Q2routing/eq2-routing/clone_repo_TH/ns-3.26/build/.conf_check_43f98071755580ba870f2ba40d059095/testbuild/test.cpp.1.o']
[2/2] Linking [33mbuild/.conf_check_43f98071755580ba870f2ba40d059095/testbuild/testprog[0m

['/usr/bin/g++', 'test.cpp.1.o', '-o', '/home/hans/Repos/Q2routing/eq2-routing/clone_repo_TH/ns-3.26/build/.conf_check_43f98071755580ba870f2ba40d059095/testbuild/testprog', '-Wl,-Bstatic', '-Wl,-Bdynamic']
yes
------------------------------------------------------------------
Checking for header signal.h
==>
#include <signal.h>

int main(int argc, char **argv) {
	(void)argc; (void)argv;
	return 0;
}

<==
[1/2] Compiling [32mbuild/.conf_check_4a306f9a8106d9c1dc838b5631f37b41/test.cpp[0m

['/usr/bin/g++', '-O0', '-ggdb', '-g3', '-Wall', '-Werror', '-std=c++11', '-DNS3_BUILD_PROFILE_DEBUG', '-DNS3_ASSERT_ENABLE', '-DNS3_LOG_ENABLE', '-DHAVE___UINT128_T=1', '-DINT64X64_USE_128=1', '-DHAVE_STDINT_H=1', '-DHAVE_INTTYPES_H=1', '-DHAVE_SYS_TYPES_H=1', '-DHAVE_SYS_STAT_H=1', '-DHAVE_DIRENT_H=1', '-DHAVE_STDLIB_H=1', '-DHAVE_GETENV=1', '../test.cpp', '-c', '-o', '/home/hans/Repos/Q2routing/eq2-routing/clone_repo_TH/ns-3.26/build/.conf_check_4a306f9a8106d9c1dc838b5631f37b41/testbuild/test.cpp.1.o']
[2/2] Linking [33mbuild/.conf_check_4a306f9a8106d9c1dc838b5631f37b41/testbuild/testprog[0m

['/usr/bin/g++', 'test.cpp.1.o', '-o', '/home/hans/Repos/Q2routing/eq2-routing/clone_repo_TH/ns-3.26/build/.conf_check_4a306f9a8106d9c1dc838b5631f37b41/testbuild/testprog', '-Wl,-Bstatic', '-Wl,-Bdynamic']
yes
------------------------------------------------------------------
Checking for header pthread.h
==>

#include <pthread.h>
int main ()
{
   pthread_mutex_t m;
   pthread_mutex_init (&m, NULL);
   return 0;
}

<==
[1/2] Compiling [32mbuild/.conf_check_880bc934bdd0b82b922cad013d9831bd/test.cpp[0m

['/usr/bin/g++', '-O0', '-ggdb', '-g3', '-Wall', '-Werror', '-std=c++11', '-pthread', '-DNS3_BUILD_PROFILE_DEBUG', '-DNS3_ASSERT_ENABLE', '-DNS3_LOG_ENABLE', '-DHAVE___UINT128_T=1', '-DINT64X64_USE_128=1', '-DHAVE_STDINT_H=1', '-DHAVE_INTTYPES_H=1', '-DHAVE_SYS_TYPES_H=1', '-DHAVE_SYS_STAT_H=1', '-DHAVE_DIRENT_H=1', '-DHAVE_STDLIB_H=1', '-DHAVE_GETENV=1', '-DHAVE_SIGNAL_H=1', '../test.cpp', '-c', '-o', '/home/hans/Repos/Q2routing/eq2-routing/clone_repo_TH/ns-3.26/build/.conf_check_880bc934bdd0b82b922cad013d9831bd/testbuild/test.cpp.1.o']
[2/2] Linking [33mbuild/.conf_check_880bc934bdd0b82b922cad013d9831bd/testbuild/testprog[0m

['/usr/bin/g++', '-pthread', 'test.cpp.1.o', '-o', '/home/hans/Repos/Q2routing/eq2-routing/clone_repo_TH/ns-3.26/build/.conf_check_880bc934bdd0b82b922cad013d9831bd/testbuild/testprog', '-Wl,-Bstatic', '-Wl,-Bdynamic']
yes
------------------------------------------------------------------
Checking for header stdint.h
==>
#include <stdint.h>

int main(int argc, char **argv) {
	(void)argc; (void)argv;
	return 0;
}

<==
[1/2] Compiling [32mbuild/.conf_check_484b78650344b17b3291807b873d753a/test.cpp[0m

['/usr/bin/g++', '-O0', '-ggdb', '-g3', '-Wall', '-Werror', '-std=c++11', '-DNS3_BUILD_PROFILE_DEBUG', '-DNS3_ASSERT_ENABLE', '-DNS3_LOG_ENABLE', '-DHAVE___UINT128_T=1', '-DINT64X64_USE_128=1', '-DHAVE_INTTYPES_H=1', '-DHAVE_SYS_TYPES_H=1', '-DHAVE_SYS_STAT_H=1', '-DHAVE_DIRENT_H=1', '-DHAVE_STDLIB_H=1', '-DHAVE_GETENV=1', '-DHAVE_SIGNAL_H=1', '-DHAVE_PTHREAD_H=1', '../test.cpp', '-c', '-o', '/home/hans/Repos/Q2routing/eq2-routing/clone_repo_TH/ns-3.26/build/.conf_check_484b78650344b17b3291807b873d753a/testbuild/test.cpp.1.o']
[2/2] Linking [33mbuild/.conf_check_484b78650344b17b3291807b873d753a/testbuild/testprog[0m

['/usr/bin/g++', 'test.cpp.1.o', '-o', '/home/hans/Repos/Q2routing/eq2-routing/clone_repo_TH/ns-3.26/build/.conf_check_484b78650344b17b3291807b873d753a/testbuild/testprog', '-Wl,-Bstatic', '-Wl,-Bdynamic']
yes
------------------------------------------------------------------
Checking for header inttypes.h
==>
#include <inttypes.h>

int main(int argc, char **argv) {
	(void)argc; (void)argv;
	return 0;
}

<==
[1/2] Compiling [32mbuild/.conf_check_a848f12124660fa3013d3471e357ecd0/test.cpp[0m

['/usr/bin/g++', '-O0', '-ggdb', '-g3', '-Wall', '-Werror', '-std=c++11', '-DNS3_BUILD_PROFILE_DEBUG', '-DNS3_ASSERT_ENABLE', '-DNS3_LOG_ENABLE', '-DHAVE___UINT128_T=1', '-DINT64X64_USE_128=1', '-DHAVE_SYS_TYPES_H=1', '-DHAVE_SYS_STAT_H=1', '-DHAVE_DIRENT_H=1', '-DHAVE_STDLIB_H=1', '-DHAVE_GETENV=1', '-DHAVE_SIGNAL_H=1', '-DHAVE_PTHREAD_H=1', '-DHAVE_STDINT_H=1', '../test.cpp', '-c', '-o', '/home/hans/Repos/Q2routing/eq2-routing/clone_repo_TH/ns-3.26/build/.conf_check_a848f12124660fa3013d3471e357ecd0/testbuild/test.cpp.1.o']
[2/2] Linking [33mbuild/.conf_check_a848f12124660fa3013d3471e357ecd0/testbuild/testprog[0m

['/usr/bin/g++', 'test.cpp.1.o', '-o', '/home/hans/Repos/Q2routing/eq2-routing/clone_repo_TH/ns-3.26/build/.conf_check_a848f12124660fa3013d3471e357ecd0/testbuild/testprog', '-Wl,-Bstatic', '-Wl,-Bdynamic']
yes
------------------------------------------------------------------
Checking for header sys/inttypes.h
==>
#include <sys/inttypes.h>

int main(int argc, char **argv) {
	(void)argc; (void)argv;
	return 0;
}

<==
[1/2] Compiling [32mbuild/.conf_check_d410afa04bf9f03819fe8f5046c58fb5/test.cpp[0m

['/usr/bin/g++', '-O0', '-ggdb', '-g3', '-Wall', '-Werror', '-std=c++11', '-DNS3_BUILD_PROFILE_DEBUG', '-DNS3_ASSERT_ENABLE', '-DNS3_LOG_ENABLE', '-DHAVE___UINT128_T=1', '-DINT64X64_USE_128=1', '-DHAVE_SYS_TYPES_H=1', '-DHAVE_SYS_STAT_H=1', '-DHAVE_DIRENT_H=1', '-DHAVE_STDLIB_H=1', '-DHAVE_GETENV=1', '-DHAVE_SIGNAL_H=1', '-DHAVE_PTHREAD_H=1', '-DHAVE_STDINT_H=1', '-DHAVE_INTTYPES_H=1', '../test.cpp', '-c', '-o', '/home/hans/Repos/Q2routing/eq2-routing/clone_repo_TH/ns-3.26/build/.conf_check_d410afa04bf9f03819fe8f5046c58fb5/testbuild/test.cpp.1.o']
err: ../test.cpp:1:10: fatal error: sys/inttypes.h: No such file or directory
 #include <sys/inttypes.h>
          ^~~~~~~~~~~~~~~~
compilation terminated.

from /home/hans/Repos/Q2routing/eq2-routing/clone_repo_TH/ns-3.26/src/core: Test does not build: Traceback (most recent call last):
  File "/home/hans/Repos/Q2routing/eq2-routing/clone_repo_TH/ns-3.26/.waf-1.8.19-b1fc8f7baef51bd2db4c2971909a568d/waflib/Configure.py", line 335, in run_build
    bld.compile()
  File "/home/hans/Repos/Q2routing/eq2-routing/clone_repo_TH/ns-3.26/.waf-1.8.19-b1fc8f7baef51bd2db4c2971909a568d/waflib/Build.py", line 185, in compile
    raise Errors.BuildError(self.producer.error)
BuildError: Build failed
 -> task in 'testprog' failed (exit status 1): 
	{task 140481180457360: cxx test.cpp -> test.cpp.1.o}
['/usr/bin/g++', '-O0', '-ggdb', '-g3', '-Wall', '-Werror', '-std=c++11', '-DNS3_BUILD_PROFILE_DEBUG', '-DNS3_ASSERT_ENABLE', '-DNS3_LOG_ENABLE', '-DHAVE___UINT128_T=1', '-DINT64X64_USE_128=1', '-DHAVE_SYS_TYPES_H=1', '-DHAVE_SYS_STAT_H=1', '-DHAVE_DIRENT_H=1', '-DHAVE_STDLIB_H=1', '-DHAVE_GETENV=1', '-DHAVE_SIGNAL_H=1', '-DHAVE_PTHREAD_H=1', '-DHAVE_STDINT_H=1', '-DHAVE_INTTYPES_H=1', '../test.cpp', '-c', '-o', '/home/hans/Repos/Q2routing/eq2-routing/clone_repo_TH/ns-3.26/build/.conf_check_d410afa04bf9f03819fe8f5046c58fb5/testbuild/test.cpp.1.o']

not found
from /home/hans/Repos/Q2routing/eq2-routing/clone_repo_TH/ns-3.26/src/core: The configuration failed
------------------------------------------------------------------
Checking for library rt
==>

int main(int argc, char **argv) {
	(void)argc; (void)argv;
	return 0;
}

<==
[1/2] Compiling [32mbuild/.conf_check_a4ae34b5597ff5417e49519410314e8d/test.cpp[0m

['/usr/bin/g++', '-O0', '-ggdb', '-g3', '-Wall', '-Werror', '-std=c++11', '-pthread', '-DNS3_BUILD_PROFILE_DEBUG', '-DNS3_ASSERT_ENABLE', '-DNS3_LOG_ENABLE', '-DHAVE___UINT128_T=1', '-DINT64X64_USE_128=1', '-DHAVE_SYS_TYPES_H=1', '-DHAVE_SYS_STAT_H=1', '-DHAVE_DIRENT_H=1', '-DHAVE_STDLIB_H=1', '-DHAVE_GETENV=1', '-DHAVE_SIGNAL_H=1', '-DHAVE_PTHREAD_H=1', '-DHAVE_STDINT_H=1', '-DHAVE_INTTYPES_H=1', '../test.cpp', '-c', '-o', '/home/hans/Repos/Q2routing/eq2-routing/clone_repo_TH/ns-3.26/build/.conf_check_a4ae34b5597ff5417e49519410314e8d/testbuild/test.cpp.1.o']
[2/2] Linking [33mbuild/.conf_check_a4ae34b5597ff5417e49519410314e8d/testbuild/testprog[0m

['/usr/bin/g++', '-pthread', 'test.cpp.1.o', '-o', '/home/hans/Repos/Q2routing/eq2-routing/clone_repo_TH/ns-3.26/build/.conf_check_a4ae34b5597ff5417e49519410314e8d/testbuild/testprog', '-Wl,-Bstatic', '-Wl,-Bdynamic', '-lrt']
yes
------------------------------------------------------------------
Checking for header sys/ioctl.h
==>
#include <sys/ioctl.h>

int main(int argc, char **argv) {
	(void)argc; (void)argv;
	return 0;
}

<==
[1/2] Compiling [32mbuild/.conf_check_77af6eb675c5af2211b705e92fc9f9d6/test.cpp[0m

['/usr/bin/g++', '-O0', '-ggdb', '-g3', '-Wall', '-Werror', '-std=c++11', '-DNS3_BUILD_PROFILE_DEBUG', '-DNS3_ASSERT_ENABLE', '-DNS3_LOG_ENABLE', '../test.cpp', '-c', '-o', '/home/hans/Repos/Q2routing/eq2-routing/clone_repo_TH/ns-3.26/build/.conf_check_77af6eb675c5af2211b705e92fc9f9d6/testbuild/test.cpp.1.o']
[2/2] Linking [33mbuild/.conf_check_77af6eb675c5af2211b705e92fc9f9d6/testbuild/testprog[0m

['/usr/bin/g++', 'test.cpp.1.o', '-o', '/home/hans/Repos/Q2routing/eq2-routing/clone_repo_TH/ns-3.26/build/.conf_check_77af6eb675c5af2211b705e92fc9f9d6/testbuild/testprog', '-Wl,-Bstatic', '-Wl,-Bdynamic']
yes
------------------------------------------------------------------
Checking for header net/if.h
==>
#include <net/if.h>

int main(int argc, char **argv) {
	(void)argc; (void)argv;
	return 0;
}

<==
[1/2] Compiling [32mbuild/.conf_check_23935ba29235b943eeea153d10cd9d6e/test.cpp[0m

['/usr/bin/g++', '-O0', '-ggdb', '-g3', '-Wall', '-Werror', '-std=c++11', '-DNS3_BUILD_PROFILE_DEBUG', '-DNS3_ASSERT_ENABLE', '-DNS3_LOG_ENABLE', '-DHAVE_SYS_IOCTL_H=1', '../test.cpp', '-c', '-o', '/home/hans/Repos/Q2routing/eq2-routing/clone_repo_TH/ns-3.26/build/.conf_check_23935ba29235b943eeea153d10cd9d6e/testbuild/test.cpp.1.o']
[2/2] Linking [33mbuild/.conf_check_23935ba29235b943eeea153d10cd9d6e/testbuild/testprog[0m

['/usr/bin/g++', 'test.cpp.1.o', '-o', '/home/hans/Repos/Q2routing/eq2-routing/clone_repo_TH/ns-3.26/build/.conf_check_23935ba29235b943eeea153d10cd9d6e/testbuild/testprog', '-Wl,-Bstatic', '-Wl,-Bdynamic']
yes
------------------------------------------------------------------
Checking for header net/ethernet.h
==>
#include <net/ethernet.h>

int main(int argc, char **argv) {
	(void)argc; (void)argv;
	return 0;
}

<==
[1/2] Compiling [32mbuild/.conf_check_32fbd199bc929f0d1ad847e0b6e28252/test.cpp[0m

['/usr/bin/g++', '-O0', '-ggdb', '-g3', '-Wall', '-Werror', '-std=c++11', '-DNS3_BUILD_PROFILE_DEBUG', '-DNS3_ASSERT_ENABLE', '-DNS3_LOG_ENABLE', '-DHAVE_SYS_IOCTL_H=1', '-DHAVE_IF_NETS_H=1', '../test.cpp', '-c', '-o', '/home/hans/Repos/Q2routing/eq2-routing/clone_repo_TH/ns-3.26/build/.conf_check_32fbd199bc929f0d1ad847e0b6e28252/testbuild/test.cpp.1.o']
[2/2] Linking [33mbuild/.conf_check_32fbd199bc929f0d1ad847e0b6e28252/testbuild/testprog[0m

['/usr/bin/g++', 'test.cpp.1.o', '-o', '/home/hans/Repos/Q2routing/eq2-routing/clone_repo_TH/ns-3.26/build/.conf_check_32fbd199bc929f0d1ad847e0b6e28252/testbuild/testprog', '-Wl,-Bstatic', '-Wl,-Bdynamic']
yes
------------------------------------------------------------------
Checking for header linux/if_tun.h
==>
#include <linux/if_tun.h>

int main(int argc, char **argv) {
	(void)argc; (void)argv;
	return 0;
}

<==
[1/2] Compiling [32mbuild/.conf_check_79a019af93c9ccfe397d0bed3cb8c3af/test.cpp[0m

['/usr/bin/g++', '-O0', '-ggdb', '-g3', '-Wall', '-Werror', '-std=c++11', '-DNS3_BUILD_PROFILE_DEBUG', '-DNS3_ASSERT_ENABLE', '-DNS3_LOG_ENABLE', '-DHAVE_SYS_IOCTL_H=1', '-DHAVE_IF_NETS_H=1', '-DHAVE_NET_ETHERNET_H=1', '../test.cpp', '-c', '-o', '/home/hans/Repos/Q2routing/eq2-routing/clone_repo_TH/ns-3.26/build/.conf_check_79a019af93c9ccfe397d0bed3cb8c3af/testbuild/test.cpp.1.o']
[2/2] Linking [33mbuild/.conf_check_79a019af93c9ccfe397d0bed3cb8c3af/testbuild/testprog[0m

['/usr/bin/g++', 'test.cpp.1.o', '-o', '/home/hans/Repos/Q2routing/eq2-routing/clone_repo_TH/ns-3.26/build/.conf_check_79a019af93c9ccfe397d0bed3cb8c3af/testbuild/testprog', '-Wl,-Bstatic', '-Wl,-Bdynamic']
yes
------------------------------------------------------------------
Checking for header netpacket/packet.h
==>
#include <netpacket/packet.h>

int main(int argc, char **argv) {
	(void)argc; (void)argv;
	return 0;
}

<==
[1/2] Compiling [32mbuild/.conf_check_f836415ed344eae1b81829c6553001c4/test.cpp[0m

['/usr/bin/g++', '-O0', '-ggdb', '-g3', '-Wall', '-Werror', '-std=c++11', '-DNS3_BUILD_PROFILE_DEBUG', '-DNS3_ASSERT_ENABLE', '-DNS3_LOG_ENABLE', '-DHAVE_SYS_IOCTL_H=1', '-DHAVE_IF_NETS_H=1', '-DHAVE_NET_ETHERNET_H=1', '-DHAVE_IF_TUN_H=1', '../test.cpp', '-c', '-o', '/home/hans/Repos/Q2routing/eq2-routing/clone_repo_TH/ns-3.26/build/.conf_check_f836415ed344eae1b81829c6553001c4/testbuild/test.cpp.1.o']
[2/2] Linking [33mbuild/.conf_check_f836415ed344eae1b81829c6553001c4/testbuild/testprog[0m

['/usr/bin/g++', 'test.cpp.1.o', '-o', '/home/hans/Repos/Q2routing/eq2-routing/clone_repo_TH/ns-3.26/build/.conf_check_f836415ed344eae1b81829c6553001c4/testbuild/testprog', '-Wl,-Bstatic', '-Wl,-Bdynamic']
yes
------------------------------------------------------------------
Checking for NSC location
not found
------------------------------------------------------------------
Checking for OpenFlow location
not found
------------------------------------------------------------------
Checking for 'sqlite3'
['/usr/bin/pkg-config', '--cflags', '--libs', 'sqlite3']
out: -lsqlite3

yes
------------------------------------------------------------------
Checking for header linux/if_tun.h
==>
#include <linux/if_tun.h>

int main(int argc, char **argv) {
	(void)argc; (void)argv;
	return 0;
}

<==
[1/2] Compiling [32mbuild/.conf_check_79a019af93c9ccfe397d0bed3cb8c3af/test.cpp[0m

['/usr/bin/g++', '-O0', '-ggdb', '-g3', '-Wall', '-Werror', '-std=c++11', '-DNS3_BUILD_PROFILE_DEBUG', '-DNS3_ASSERT_ENABLE', '-DNS3_LOG_ENABLE', '-DHAVE_SYS_IOCTL_H=1', '-DHAVE_IF_NETS_H=1', '-DHAVE_NET_ETHERNET_H=1', '-DHAVE_PACKET_H=1', '../test.cpp', '-c', '-o', '/home/hans/Repos/Q2routing/eq2-routing/clone_repo_TH/ns-3.26/build/.conf_check_79a019af93c9ccfe397d0bed3cb8c3af/testbuild/test.cpp.1.o']
[2/2] Linking [33mbuild/.conf_check_79a019af93c9ccfe397d0bed3cb8c3af/testbuild/testprog[0m

['/usr/bin/g++', 'test.cpp.1.o', '-o', '/home/hans/Repos/Q2routing/eq2-routing/clone_repo_TH/ns-3.26/build/.conf_check_79a019af93c9ccfe397d0bed3cb8c3af/testbuild/testprog', '-Wl,-Bstatic', '-Wl,-Bdynamic']
yes
------------------------------------------------------------------
Checking for program 'sudo'
/usr/bin/sudo
find program=['sudo'] paths=['/usr/local/sbin', '/usr/local/bin', '/usr/sbin', '/usr/bin', '/sbin', '/bin', '/usr/games', '/usr/local/games', '/snap/bin'] var='SUDO' -> ['/usr/bin/sudo']
------------------------------------------------------------------
Checking for program 'valgrind'
/usr/bin/valgrind
find program=['valgrind'] paths=['/usr/local/sbin', '/usr/local/bin', '/usr/sbin', '/usr/bin', '/sbin', '/bin', '/usr/games', '/usr/local/games', '/snap/bin'] var='VALGRIND' -> ['/usr/bin/valgrind']
------------------------------------------------------------------
Checking for 'gsl'
['/usr/bin/pkg-config', '--cflags', '--libs', 'gsl']
out: -lgsl -lgslcblas -lm

yes
------------------------------------------------------------------
python-config
not found
find program=['libgcrypt-config'] paths=['/usr/local/sbin', '/usr/local/bin', '/usr/sbin', '/usr/bin', '/sbin', '/bin', '/usr/games', '/usr/local/games', '/snap/bin'] var='LIBGCRYPT_CONFIG' -> None
from /home/hans/Repos/Q2routing/eq2-routing/clone_repo_TH/ns-3.26: Could not find the program ['libgcrypt-config']
------------------------------------------------------------------
Checking for compilation flag -Wno-error=deprecated-d... support
==>
int main() { return 0; }
<==
[1/1] Compiling [32mbuild/.conf_check_3a9c82ec43ffbd269aee2cf4b344ce1b/test.cpp[0m

['/usr/bin/g++', '-O0', '-ggdb', '-g3', '-Wall', '-Werror', '-std=c++11', '-Wno-error=deprecated-declarations', '-DNS3_BUILD_PROFILE_DEBUG', '-DNS3_ASSERT_ENABLE', '-DNS3_LOG_ENABLE', '-DHAVE_SYS_IOCTL_H=1', '-DHAVE_IF_NETS_H=1', '-DHAVE_NET_ETHERNET_H=1', '-DHAVE_PACKET_H=1', '-DHAVE_IF_TUN_H=1', '../test.cpp', '-c', '-o', '/home/hans/Repos/Q2routing/eq2-routing/clone_repo_TH/ns-3.26/build/.conf_check_3a9c82ec43ffbd269aee2cf4b344ce1b/testbuild/test.cpp.1.o']
ok
------------------------------------------------------------------
Checking for compilation flag -Wno-error=deprecated-d... support
==>
int main() { return 0; }
<==
[1/1] Compiling [32mbuild/.conf_check_37b79b39da5646dc79917b928cf46f01/test.c[0m

['/usr/bin/gcc', '-Wno-error=deprecated-declarations', '-DNS3_BUILD_PROFILE_DEBUG', '-DNS3_ASSERT_ENABLE', '-DNS3_LOG_ENABLE', '-DHAVE_SYS_IOCTL_H=1', '-DHAVE_IF_NETS_H=1', '-DHAVE_NET_ETHERNET_H=1', '-DHAVE_PACKET_H=1', '-DHAVE_IF_TUN_H=1', '../test.c', '-c', '-o', '/home/hans/Repos/Q2routing/eq2-routing/clone_repo_TH/ns-3.26/build/.conf_check_37b79b39da5646dc79917b928cf46f01/testbuild/test.c.1.o']
ok
------------------------------------------------------------------
Checking for compilation flag -fstrict-aliasing support
==>
int main() { return 0; }
<==
[1/1] Compiling [32mbuild/.conf_check_3a9c82ec43ffbd269aee2cf4b344ce1b/test.cpp[0m

['/usr/bin/g++', '-O0', '-ggdb', '-g3', '-Wall', '-Werror', '-std=c++11', '-Wno-error=deprecated-declarations', '-fstrict-aliasing', '-DNS3_BUILD_PROFILE_DEBUG', '-DNS3_ASSERT_ENABLE', '-DNS3_LOG_ENABLE', '-DHAVE_SYS_IOCTL_H=1', '-DHAVE_IF_NETS_H=1', '-DHAVE_NET_ETHERNET_H=1', '-DHAVE_PACKET_H=1', '-DHAVE_IF_TUN_H=1', '../test.cpp', '-c', '-o', '/home/hans/Repos/Q2routing/eq2-routing/clone_repo_TH/ns-3.26/build/.conf_check_3a9c82ec43ffbd269aee2cf4b344ce1b/testbuild/test.cpp.1.o']
ok
------------------------------------------------------------------
Checking for compilation flag -fstrict-aliasing support
==>
int main() { return 0; }
<==
[1/1] Compiling [32mbuild/.conf_check_37b79b39da5646dc79917b928cf46f01/test.c[0m

['/usr/bin/gcc', '-fstrict-aliasing', '-DNS3_BUILD_PROFILE_DEBUG', '-DNS3_ASSERT_ENABLE', '-DNS3_LOG_ENABLE', '-DHAVE_SYS_IOCTL_H=1', '-DHAVE_IF_NETS_H=1', '-DHAVE_NET_ETHERNET_H=1', '-DHAVE_PACKET_H=1', '-DHAVE_IF_TUN_H=1', '../test.c', '-c', '-o', '/home/hans/Repos/Q2routing/eq2-routing/clone_repo_TH/ns-3.26/build/.conf_check_37b79b39da5646dc79917b928cf46f01/testbuild/test.c.1.o']
ok
------------------------------------------------------------------
Checking for compilation flag -Wstrict-aliasing support
==>
int main() { return 0; }
<==
[1/1] Compiling [32mbuild/.conf_check_3a9c82ec43ffbd269aee2cf4b344ce1b/test.cpp[0m

['/usr/bin/g++', '-O0', '-ggdb', '-g3', '-Wall', '-Werror', '-std=c++11', '-Wno-error=deprecated-declarations', '-fstrict-aliasing', '-Wstrict-aliasing', '-DNS3_BUILD_PROFILE_DEBUG', '-DNS3_ASSERT_ENABLE', '-DNS3_LOG_ENABLE', '-DHAVE_SYS_IOCTL_H=1', '-DHAVE_IF_NETS_H=1', '-DHAVE_NET_ETHERNET_H=1', '-DHAVE_PACKET_H=1', '-DHAVE_IF_TUN_H=1', '../test.cpp', '-c', '-o', '/home/hans/Repos/Q2routing/eq2-routing/clone_repo_TH/ns-3.26/build/.conf_check_3a9c82ec43ffbd269aee2cf4b344ce1b/testbuild/test.cpp.1.o']
ok
------------------------------------------------------------------
Checking for compilation flag -Wstrict-aliasing support
==>
int main() { return 0; }
<==
[1/1] Compiling [32mbuild/.conf_check_37b79b39da5646dc79917b928cf46f01/test.c[0m

['/usr/bin/gcc', '-Wstrict-aliasing', '-DNS3_BUILD_PROFILE_DEBUG', '-DNS3_ASSERT_ENABLE', '-DNS3_LOG_ENABLE', '-DHAVE_SYS_IOCTL_H=1', '-DHAVE_IF_NETS_H=1', '-DHAVE_NET_ETHERNET_H=1', '-DHAVE_PACKET_H=1', '-DHAVE_IF_TUN_H=1', '../test.c', '-c', '-o', '/home/hans/Repos/Q2routing/eq2-routing/clone_repo_TH/ns-3.26/build/.conf_check_37b79b39da5646dc79917b928cf46f01/testbuild/test.c.1.o']
ok
------------------------------------------------------------------
Checking for program 'doxygen'
/usr/bin/doxygen
find program=['doxygen'] paths=['/usr/local/sbin', '/usr/local/bin', '/usr/sbin', '/usr/bin', '/sbin', '/bin', '/usr/games', '/usr/local/games', '/snap/bin'] var='DOXYGEN' -> ['/usr/bin/doxygen']
